0 verbose cli C:\Program Files\nodejs\node.exe C:\Program Files\nodejs\node_modules\npm\bin\npm-cli.js
1 info using npm@10.9.2
2 info using node@v22.14.0
3 silly config load:file:C:\Program Files\nodejs\node_modules\npm\npmrc
4 silly config load:file:C:\Users\Wheelbc\Documents\VirturaPresence\.npmrc
5 silly config load:file:C:\Users\Wheelbc\.npmrc
6 silly config load:file:C:\Users\Wheelbc\Documents\VirturaPresence\.appdata\npm\etc\npmrc
7 verbose title npm install next-auth @auth/prisma-adapter @prisma/client bcryptjs zod react-hook-form @hookform/resolvers lucide-react class-variance-authority clsx tailwind-merge framer-motion sonner @radix-ui/react-slot
8 verbose argv "install" "next-auth" "@auth/prisma-adapter" "@prisma/client" "bcryptjs" "zod" "react-hook-form" "@hookform/resolvers" "lucide-react" "class-variance-authority" "clsx" "tailwind-merge" "framer-motion" "sonner" "@radix-ui/react-slot"
9 verbose logfile logs-max:10 dir:C:\Users\Wheelbc\Documents\VirturaPresence\.npm-cache\_logs\2026-04-15T00_13_15_915Z-
10 verbose logfile C:\Users\Wheelbc\Documents\VirturaPresence\.npm-cache\_logs\2026-04-15T00_13_15_915Z-debug-0.log
11 silly logfile done cleaning log files
12 silly packumentCache heap:4345298944 maxSize:1086324736 maxEntrySize:543162368
13 silly idealTree buildDeps
14 silly fetch manifest next-auth@*
15 silly packumentCache full:https://registry.npmjs.org/next-auth cache-miss
16 http fetch GET 200 https://registry.npmjs.org/next-auth 252ms (cache miss)
17 silly packumentCache full:https://registry.npmjs.org/next-auth set size:undefined disposed:false
18 silly fetch manifest @auth/core@0.34.3
19 silly packumentCache full:https://registry.npmjs.org/@auth%2fcore cache-miss
20 http fetch GET 200 https://registry.npmjs.org/@auth%2fcore 60ms (cache miss)
21 silly packumentCache full:https://registry.npmjs.org/@auth%2fcore set size:undefined disposed:false
22 silly fetch manifest @simplewebauthn/browser@^9.0.1
23 silly packumentCache full:https://registry.npmjs.org/@simplewebauthn%2fbrowser cache-miss
24 http fetch GET 200 https://registry.npmjs.org/@simplewebauthn%2fbrowser 184ms (cache miss)
25 silly packumentCache full:https://registry.npmjs.org/@simplewebauthn%2fbrowser set size:undefined disposed:false
26 silly fetch manifest @simplewebauthn/server@^9.0.2
27 silly packumentCache full:https://registry.npmjs.org/@simplewebauthn%2fserver cache-miss
28 http fetch GET 200 https://registry.npmjs.org/@simplewebauthn%2fserver 67ms (cache miss)
29 silly packumentCache full:https://registry.npmjs.org/@simplewebauthn%2fserver set size:undefined disposed:false
30 silly fetch manifest nodemailer@^7
31 silly packumentCache full:https://registry.npmjs.org/nodemailer cache-miss
32 http fetch GET 200 https://registry.npmjs.org/nodemailer 54ms (cache miss)
33 silly packumentCache full:https://registry.npmjs.org/nodemailer set size:undefined disposed:false
34 silly fetch manifest next@16.2.3
35 silly packumentCache full:https://registry.npmjs.org/next cache-miss
36 http cache https://registry.npmjs.org/next 38ms (cache hit)
37 silly packumentCache full:https://registry.npmjs.org/next set size:30111975 disposed:false
38 silly fetch manifest @opentelemetry/api@^1.1.0
39 silly packumentCache full:https://registry.npmjs.org/@opentelemetry%2fapi cache-miss
40 http cache https://registry.npmjs.org/@opentelemetry%2fapi 3ms (cache hit)
41 silly packumentCache full:https://registry.npmjs.org/@opentelemetry%2fapi set size:272855 disposed:false
42 silly fetch manifest @playwright/test@^1.51.1
43 silly packumentCache full:https://registry.npmjs.org/@playwright%2ftest cache-miss
44 http cache https://registry.npmjs.org/@playwright%2ftest 13ms (cache hit)
45 silly packumentCache full:https://registry.npmjs.org/@playwright%2ftest set size:9009164 disposed:false
46 silly fetch manifest babel-plugin-react-compiler@*
47 silly packumentCache full:https://registry.npmjs.org/babel-plugin-react-compiler cache-miss
48 http cache https://registry.npmjs.org/babel-plugin-react-compiler 6ms (cache hit)
49 silly packumentCache full:https://registry.npmjs.org/babel-plugin-react-compiler set size:1320525 disposed:false
50 silly fetch manifest react@19.2.4
51 silly packumentCache full:https://registry.npmjs.org/react cache-miss
52 http cache https://registry.npmjs.org/react 10ms (cache hit)
53 silly packumentCache full:https://registry.npmjs.org/react set size:6605979 disposed:false
54 silly fetch manifest react-dom@19.2.4
55 silly packumentCache full:https://registry.npmjs.org/react-dom cache-miss
56 http cache https://registry.npmjs.org/react-dom 13ms (cache hit)
57 silly packumentCache full:https://registry.npmjs.org/react-dom set size:8792192 disposed:false
58 silly fetch manifest sass@^1.3.0
59 silly packumentCache full:https://registry.npmjs.org/sass cache-miss
60 http cache https://registry.npmjs.org/sass 4ms (cache hit)
61 silly packumentCache full:https://registry.npmjs.org/sass set size:726244 disposed:false
62 silly fetch manifest @auth/prisma-adapter@*
63 silly packumentCache full:https://registry.npmjs.org/@auth%2fprisma-adapter cache-miss
64 http fetch GET 200 https://registry.npmjs.org/@auth%2fprisma-adapter 184ms (cache miss)
65 silly packumentCache full:https://registry.npmjs.org/@auth%2fprisma-adapter set size:undefined disposed:false
66 silly fetch manifest @prisma/client@*
67 silly packumentCache full:https://registry.npmjs.org/@prisma%2fclient cache-miss
68 http fetch GET 200 https://registry.npmjs.org/@prisma%2fclient 800ms (cache miss)
69 silly packumentCache full:https://registry.npmjs.org/@prisma%2fclient set size:undefined disposed:false
70 silly fetch manifest prisma@*
71 silly packumentCache full:https://registry.npmjs.org/prisma cache-miss
72 http fetch GET 200 https://registry.npmjs.org/prisma 490ms (cache miss)
73 silly packumentCache full:https://registry.npmjs.org/prisma set size:undefined disposed:false
74 silly fetch manifest better-sqlite3@>=9.0.0
75 silly packumentCache full:https://registry.npmjs.org/better-sqlite3 cache-miss
76 http fetch GET 200 https://registry.npmjs.org/better-sqlite3 45ms (cache miss)
77 silly packumentCache full:https://registry.npmjs.org/better-sqlite3 set size:undefined disposed:false
78 silly fetch manifest typescript@^5
79 silly packumentCache full:https://registry.npmjs.org/typescript cache-miss
80 http cache https://registry.npmjs.org/typescript 20ms (cache hit)
81 silly packumentCache full:https://registry.npmjs.org/typescript set size:15399465 disposed:false
82 silly fetch manifest bcryptjs@*
83 silly packumentCache full:https://registry.npmjs.org/bcryptjs cache-miss
84 http fetch GET 200 https://registry.npmjs.org/bcryptjs 43ms (cache miss)
85 silly packumentCache full:https://registry.npmjs.org/bcryptjs set size:undefined disposed:false
86 silly fetch manifest zod@*
87 silly packumentCache full:https://registry.npmjs.org/zod cache-miss
88 http cache https://registry.npmjs.org/zod 6ms (cache hit)
89 silly packumentCache full:https://registry.npmjs.org/zod set size:3489329 disposed:false
90 silly fetch manifest react-hook-form@*
91 silly packumentCache full:https://registry.npmjs.org/react-hook-form cache-miss
92 http fetch GET 200 https://registry.npmjs.org/react-hook-form 187ms (cache miss)
93 silly packumentCache full:https://registry.npmjs.org/react-hook-form set size:undefined disposed:false
94 silly fetch manifest @hookform/resolvers@*
95 silly packumentCache full:https://registry.npmjs.org/@hookform%2fresolvers cache-miss
96 http fetch GET 200 https://registry.npmjs.org/@hookform%2fresolvers 61ms (cache miss)
97 silly packumentCache full:https://registry.npmjs.org/@hookform%2fresolvers set size:undefined disposed:false
98 silly fetch manifest lucide-react@*
99 silly packumentCache full:https://registry.npmjs.org/lucide-react cache-miss
100 http fetch GET 200 https://registry.npmjs.org/lucide-react 56ms (cache miss)
101 silly packumentCache full:https://registry.npmjs.org/lucide-react set size:undefined disposed:false
102 silly fetch manifest class-variance-authority@*
103 silly packumentCache full:https://registry.npmjs.org/class-variance-authority cache-miss
104 http fetch GET 200 https://registry.npmjs.org/class-variance-authority 45ms (cache miss)
105 silly packumentCache full:https://registry.npmjs.org/class-variance-authority set size:undefined disposed:false
106 silly fetch manifest clsx@*
107 silly packumentCache full:https://registry.npmjs.org/clsx cache-miss
108 http fetch GET 200 https://registry.npmjs.org/clsx 40ms (cache miss)
109 silly packumentCache full:https://registry.npmjs.org/clsx set size:undefined disposed:false
110 silly fetch manifest tailwind-merge@*
111 silly packumentCache full:https://registry.npmjs.org/tailwind-merge cache-miss
112 http fetch GET 200 https://registry.npmjs.org/tailwind-merge 53ms (cache miss)
113 silly packumentCache full:https://registry.npmjs.org/tailwind-merge set size:undefined disposed:false
114 silly fetch manifest framer-motion@*
115 silly packumentCache full:https://registry.npmjs.org/framer-motion cache-miss
116 http fetch GET 200 https://registry.npmjs.org/framer-motion 137ms (cache miss)
117 silly packumentCache full:https://registry.npmjs.org/framer-motion set size:undefined disposed:false
118 silly fetch manifest @emotion/is-prop-valid@*
119 silly packumentCache full:https://registry.npmjs.org/@emotion%2fis-prop-valid cache-miss
120 http fetch GET 200 https://registry.npmjs.org/@emotion%2fis-prop-valid 57ms (cache miss)
121 silly packumentCache full:https://registry.npmjs.org/@emotion%2fis-prop-valid set size:undefined disposed:false
122 silly fetch manifest sonner@*
123 silly packumentCache full:https://registry.npmjs.org/sonner cache-miss
124 http fetch GET 200 https://registry.npmjs.org/sonner 50ms (cache miss)
125 silly packumentCache full:https://registry.npmjs.org/sonner set size:undefined disposed:false
126 silly fetch manifest @radix-ui/react-slot@*
127 silly packumentCache full:https://registry.npmjs.org/@radix-ui%2freact-slot cache-miss
128 http fetch GET 200 https://registry.npmjs.org/@radix-ui%2freact-slot 75ms (cache miss)
129 silly packumentCache full:https://registry.npmjs.org/@radix-ui%2freact-slot set size:undefined disposed:false
130 silly fetch manifest @types/react@^19
131 silly packumentCache full:https://registry.npmjs.org/@types%2freact cache-miss
132 http cache https://registry.npmjs.org/@types%2freact 6ms (cache hit)
133 silly packumentCache full:https://registry.npmjs.org/@types%2freact set size:2588964 disposed:false
134 silly placeDep ROOT @auth/prisma-adapter@2.11.2 OK for: virtura-presence-app@0.1.0 want: *
135 silly placeDep ROOT @prisma/client@7.7.0 OK for: @auth/prisma-adapter@2.11.2 want: >=2.26.0 || >=3 || >=4 || >=5 || >=6
136 silly placeDep ROOT @hookform/resolvers@5.2.2 OK for: virtura-presence-app@0.1.0 want: *
137 silly placeDep ROOT react-hook-form@7.72.1 OK for: @hookform/resolvers@5.2.2 want: ^7.55.0
138 silly placeDep ROOT @prisma/client@7.7.0 REPLACE for: virtura-presence-app@0.1.0 want: *
139 silly placeDep ROOT @radix-ui/react-slot@1.2.4 OK for: virtura-presence-app@0.1.0 want: *
140 silly placeDep ROOT bcryptjs@3.0.3 OK for: virtura-presence-app@0.1.0 want: *
141 silly placeDep ROOT class-variance-authority@0.7.1 OK for: virtura-presence-app@0.1.0 want: *
142 silly placeDep ROOT clsx@2.1.1 OK for: virtura-presence-app@0.1.0 want: *
143 silly placeDep ROOT framer-motion@12.38.0 OK for: virtura-presence-app@0.1.0 want: *
144 silly placeDep ROOT lucide-react@1.8.0 OK for: virtura-presence-app@0.1.0 want: *
145 silly placeDep ROOT next-auth@4.24.14 OK for: virtura-presence-app@0.1.0 want: *
146 silly placeDep ROOT react-hook-form@7.72.1 REPLACE for: virtura-presence-app@0.1.0 want: *
147 silly placeDep ROOT sonner@2.0.7 OK for: virtura-presence-app@0.1.0 want: *
148 silly placeDep ROOT tailwind-merge@3.5.0 OK for: virtura-presence-app@0.1.0 want: *
149 silly placeDep ROOT zod@4.3.6 REPLACE for: virtura-presence-app@0.1.0 want: *
150 silly fetch manifest @auth/core@0.41.2
151 silly packumentCache full:https://registry.npmjs.org/@auth%2fcore cache-miss
152 silly fetch manifest @prisma/client-runtime-utils@7.7.0
153 silly packumentCache full:https://registry.npmjs.org/@prisma%2fclient-runtime-utils cache-miss
154 silly fetch manifest @standard-schema/utils@^0.3.0
155 silly packumentCache full:https://registry.npmjs.org/@standard-schema%2futils cache-miss
156 silly fetch manifest @prisma/client-runtime-utils@7.7.0
157 silly packumentCache full:https://registry.npmjs.org/@prisma%2fclient-runtime-utils cache-miss
158 silly fetch manifest @radix-ui/react-compose-refs@1.1.2
159 silly packumentCache full:https://registry.npmjs.org/@radix-ui%2freact-compose-refs cache-miss
160 silly fetch manifest clsx@^2.1.1
161 silly packumentCache full:https://registry.npmjs.org/clsx cache-miss
162 silly fetch manifest motion-dom@^12.38.0
163 silly packumentCache full:https://registry.npmjs.org/motion-dom cache-miss
164 silly fetch manifest motion-utils@^12.36.0
165 silly packumentCache full:https://registry.npmjs.org/motion-utils cache-miss
166 silly fetch manifest jose@^4.15.5
167 silly packumentCache full:https://registry.npmjs.org/jose cache-miss
168 silly fetch manifest uuid@^8.3.2
169 silly packumentCache full:https://registry.npmjs.org/uuid cache-miss
170 silly fetch manifest oauth@^0.9.15
171 silly packumentCache full:https://registry.npmjs.org/oauth cache-miss
172 silly fetch manifest cookie@^0.7.0
173 silly packumentCache full:https://registry.npmjs.org/cookie cache-miss
174 silly fetch manifest preact@^10.6.3
175 silly packumentCache full:https://registry.npmjs.org/preact cache-miss
176 silly fetch manifest @panva/hkdf@^1.0.2
177 silly packumentCache full:https://registry.npmjs.org/@panva%2fhkdf cache-miss
178 silly fetch manifest openid-client@^5.4.0
179 silly packumentCache full:https://registry.npmjs.org/openid-client cache-miss
180 silly fetch manifest @babel/runtime@^7.20.13
181 silly packumentCache full:https://registry.npmjs.org/@babel%2fruntime cache-miss
182 silly fetch manifest preact-render-to-string@^5.1.19
183 silly packumentCache full:https://registry.npmjs.org/preact-render-to-string cache-miss
184 http cache https://registry.npmjs.org/clsx 15ms (cache hit)
185 silly packumentCache full:https://registry.npmjs.org/clsx set size:42506 disposed:false
186 http cache https://registry.npmjs.org/@auth%2fcore 16ms (cache hit)
187 silly packumentCache full:https://registry.npmjs.org/@auth%2fcore set size:378686 disposed:false
188 http fetch GET 200 https://registry.npmjs.org/@prisma%2fclient-runtime-utils 74ms (cache miss)
189 silly packumentCache full:https://registry.npmjs.org/@prisma%2fclient-runtime-utils set size:undefined disposed:false
190 http fetch GET 200 https://registry.npmjs.org/cookie 140ms (cache miss)
191 silly packumentCache full:https://registry.npmjs.org/cookie set size:undefined disposed:false
192 http fetch GET 200 https://registry.npmjs.org/motion-utils 143ms (cache miss)
193 silly packumentCache full:https://registry.npmjs.org/motion-utils set size:undefined disposed:false
194 http fetch GET 200 https://registry.npmjs.org/oauth 144ms (cache miss)
195 silly packumentCache full:https://registry.npmjs.org/oauth set size:undefined disposed:false
196 http fetch GET 200 https://registry.npmjs.org/motion-dom 147ms (cache miss)
197 silly packumentCache full:https://registry.npmjs.org/motion-dom set size:undefined disposed:false
198 http fetch GET 200 https://registry.npmjs.org/uuid 151ms (cache miss)
199 silly packumentCache full:https://registry.npmjs.org/uuid set size:undefined disposed:false
200 http fetch GET 200 https://registry.npmjs.org/@standard-schema%2futils 156ms (cache miss)
201 silly packumentCache full:https://registry.npmjs.org/@standard-schema%2futils set size:undefined disposed:false
202 http fetch GET 200 https://registry.npmjs.org/jose 162ms (cache miss)
203 silly packumentCache full:https://registry.npmjs.org/jose set size:undefined disposed:false
204 http fetch GET 200 https://registry.npmjs.org/openid-client 172ms (cache miss)
205 silly packumentCache full:https://registry.npmjs.org/openid-client set size:undefined disposed:false
206 http fetch GET 200 https://registry.npmjs.org/@radix-ui%2freact-compose-refs 177ms (cache miss)
207 silly packumentCache full:https://registry.npmjs.org/@radix-ui%2freact-compose-refs set size:undefined disposed:false
208 http fetch GET 200 https://registry.npmjs.org/@prisma%2fclient-runtime-utils 180ms (cache miss)
209 silly packumentCache full:https://registry.npmjs.org/@prisma%2fclient-runtime-utils set size:undefined disposed:false
210 http fetch GET 200 https://registry.npmjs.org/preact 183ms (cache miss)
211 silly packumentCache full:https://registry.npmjs.org/preact set size:undefined disposed:false
212 http fetch GET 200 https://registry.npmjs.org/@babel%2fruntime 195ms (cache miss)
213 silly packumentCache full:https://registry.npmjs.org/@babel%2fruntime set size:undefined disposed:false
214 http fetch GET 200 https://registry.npmjs.org/@panva%2fhkdf 215ms (cache miss)
215 silly packumentCache full:https://registry.npmjs.org/@panva%2fhkdf set size:undefined disposed:false
216 http fetch GET 200 https://registry.npmjs.org/preact-render-to-string 221ms (cache miss)
217 silly packumentCache full:https://registry.npmjs.org/preact-render-to-string set size:undefined disposed:false
218 silly fetch manifest nodemailer@^7.0.7
219 silly packumentCache full:https://registry.npmjs.org/nodemailer cache-miss
220 http cache https://registry.npmjs.org/nodemailer 5ms (cache hit)
221 silly packumentCache full:https://registry.npmjs.org/nodemailer set size:572865 disposed:false
222 silly placeDep ROOT @auth/core@0.41.2 OK for: @auth/prisma-adapter@2.11.2 want: 0.41.2
223 silly fetch manifest jose@^6.0.6
224 silly packumentCache full:https://registry.npmjs.org/jose cache-miss
225 silly fetch manifest preact@10.24.3
226 silly packumentCache full:https://registry.npmjs.org/preact cache-miss
227 silly fetch manifest @panva/hkdf@^1.2.1
228 silly packumentCache full:https://registry.npmjs.org/@panva%2fhkdf cache-miss
229 silly fetch manifest oauth4webapi@^3.3.0
230 silly packumentCache full:https://registry.npmjs.org/oauth4webapi cache-miss
231 silly fetch manifest preact-render-to-string@6.5.11
232 silly packumentCache full:https://registry.npmjs.org/preact-render-to-string cache-miss
233 http cache https://registry.npmjs.org/preact-render-to-string 4ms (cache hit)
234 silly packumentCache full:https://registry.npmjs.org/preact-render-to-string set size:531930 disposed:false
235 http cache https://registry.npmjs.org/jose 7ms (cache hit)
236 silly packumentCache full:https://registry.npmjs.org/jose set size:1407632 disposed:false
237 http cache https://registry.npmjs.org/preact 12ms (cache hit)
238 silly packumentCache full:https://registry.npmjs.org/preact set size:1818852 disposed:false
239 http cache https://registry.npmjs.org/@panva%2fhkdf 17ms (cache hit)
240 silly packumentCache full:https://registry.npmjs.org/@panva%2fhkdf set size:22482 disposed:false
241 http fetch GET 200 https://registry.npmjs.org/oauth4webapi 45ms (cache miss)
242 silly packumentCache full:https://registry.npmjs.org/oauth4webapi set size:undefined disposed:false
243 silly placeDep ROOT @panva/hkdf@1.2.1 OK for: @auth/core@0.41.2 want: ^1.2.1
244 silly placeDep ROOT jose@6.2.2 OK for: @auth/core@0.41.2 want: ^6.0.6
245 silly placeDep ROOT oauth4webapi@3.8.5 OK for: @auth/core@0.41.2 want: ^3.3.0
246 silly placeDep ROOT preact@10.24.3 OK for: @auth/core@0.41.2 want: 10.24.3
247 silly placeDep ROOT preact-render-to-string@6.5.11 OK for: @auth/core@0.41.2 want: 6.5.11
248 silly placeDep ROOT @standard-schema/utils@0.3.0 OK for: @hookform/resolvers@5.2.2 want: ^0.3.0
249 silly placeDep ROOT @prisma/client-runtime-utils@7.7.0 OK for: @prisma/client@7.7.0 want: 7.7.0
250 silly fetch manifest @types/react@*
251 silly packumentCache full:https://registry.npmjs.org/@types%2freact cache-miss
252 http cache https://registry.npmjs.org/@types%2freact 5ms (cache hit)
253 silly packumentCache full:https://registry.npmjs.org/@types%2freact set size:2588964 disposed:false
254 silly fetch manifest react@^16.8 || ^17.0 || ^18.0 || ^19.0 || ^19.0.0-rc
255 silly packumentCache full:https://registry.npmjs.org/react cache-miss
256 http cache https://registry.npmjs.org/react 11ms (cache hit)
257 silly packumentCache full:https://registry.npmjs.org/react set size:6605979 disposed:false
258 silly placeDep ROOT @radix-ui/react-compose-refs@1.1.2 OK for: @radix-ui/react-slot@1.2.4 want: 1.1.2
259 silly placeDep ROOT motion-dom@12.38.0 OK for: framer-motion@12.38.0 want: ^12.38.0
260 silly placeDep ROOT motion-utils@12.36.0 OK for: framer-motion@12.38.0 want: ^12.36.0
261 silly placeDep ROOT @auth/core@0.34.3 REPLACE for: next-auth@4.24.14 want: 0.34.3
262 silly placeDep ROOT @babel/runtime@7.29.2 OK for: next-auth@4.24.14 want: ^7.20.13
263 silly placeDep ROOT cookie@0.7.2 OK for: next-auth@4.24.14 want: ^0.7.0
264 silly placeDep ROOT jose@4.15.9 OK for: next-auth@4.24.14 want: ^4.15.5
265 silly placeDep ROOT oauth@0.9.15 OK for: next-auth@4.24.14 want: ^0.9.15
266 silly placeDep ROOT openid-client@5.7.1 OK for: next-auth@4.24.14 want: ^5.4.0
267 silly placeDep ROOT preact-render-to-string@5.2.6 OK for: next-auth@4.24.14 want: ^5.1.19
268 silly placeDep ROOT uuid@8.3.2 OK for: next-auth@4.24.14 want: ^8.3.2
269 silly fetch manifest jose@^5.1.3
270 silly packumentCache full:https://registry.npmjs.org/jose cache-miss
271 silly fetch manifest cookie@0.6.0
272 silly packumentCache full:https://registry.npmjs.org/cookie cache-miss
273 silly fetch manifest preact@10.11.3
274 silly packumentCache full:https://registry.npmjs.org/preact cache-miss
275 silly fetch manifest oauth4webapi@^2.10.4
276 silly packumentCache full:https://registry.npmjs.org/oauth4webapi cache-miss
277 silly fetch manifest @types/cookie@0.6.0
278 silly packumentCache full:https://registry.npmjs.org/@types%2fcookie cache-miss
279 silly fetch manifest preact-render-to-string@5.2.3
280 silly packumentCache full:https://registry.npmjs.org/preact-render-to-string cache-hit
281 silly fetch manifest lru-cache@^6.0.0
282 silly packumentCache full:https://registry.npmjs.org/lru-cache cache-miss
283 silly fetch manifest object-hash@^2.2.0
284 silly packumentCache full:https://registry.npmjs.org/object-hash cache-miss
285 silly fetch manifest oidc-token-hash@^5.0.3
286 silly packumentCache full:https://registry.npmjs.org/oidc-token-hash cache-miss
287 silly fetch manifest pretty-format@^3.8.0
288 silly packumentCache full:https://registry.npmjs.org/pretty-format cache-miss
289 http cache https://registry.npmjs.org/preact 9ms (cache hit)
290 silly packumentCache full:https://registry.npmjs.org/preact set size:1818852 disposed:false
291 http cache https://registry.npmjs.org/cookie 15ms (cache hit)
292 silly packumentCache full:https://registry.npmjs.org/cookie set size:72891 disposed:false
293 http cache https://registry.npmjs.org/jose 16ms (cache hit)
294 silly packumentCache full:https://registry.npmjs.org/jose set size:1407632 disposed:false
295 http cache https://registry.npmjs.org/lru-cache 20ms (cache hit)
296 silly packumentCache full:https://registry.npmjs.org/lru-cache set size:439357 disposed:false
297 http cache https://registry.npmjs.org/oauth4webapi 24ms (cache hit)
298 silly packumentCache full:https://registry.npmjs.org/oauth4webapi set size:281564 disposed:false
299 http fetch GET 200 https://registry.npmjs.org/oidc-token-hash 44ms (cache miss)
300 silly packumentCache full:https://registry.npmjs.org/oidc-token-hash set size:undefined disposed:false
301 http fetch GET 200 https://registry.npmjs.org/object-hash 46ms (cache miss)
302 silly packumentCache full:https://registry.npmjs.org/object-hash set size:undefined disposed:false
303 http fetch GET 200 https://registry.npmjs.org/@types%2fcookie 58ms (cache miss)
304 silly packumentCache full:https://registry.npmjs.org/@types%2fcookie set size:undefined disposed:false
305 http fetch GET 200 https://registry.npmjs.org/pretty-format 78ms (cache miss)
306 silly packumentCache full:https://registry.npmjs.org/pretty-format set size:undefined disposed:false
307 silly placeDep ROOT @types/cookie@0.6.0 OK for: @auth/core@0.34.3 want: 0.6.0
308 silly placeDep node_modules/@auth/core cookie@0.6.0 OK for: @auth/core@0.34.3 want: 0.6.0
309 silly placeDep node_modules/@auth/core jose@5.10.0 OK for: @auth/core@0.34.3 want: ^5.1.3
310 silly placeDep ROOT oauth4webapi@2.17.0 OK for: @auth/core@0.34.3 want: ^2.10.4
311 silly placeDep node_modules/@auth/core preact@10.11.3 OK for: @auth/core@0.34.3 want: 10.11.3
312 silly placeDep node_modules/@auth/core preact-render-to-string@5.2.3 OK for: @auth/core@0.34.3 want: 5.2.3
313 silly placeDep node_modules/@auth/prisma-adapter @auth/core@0.41.2 OK for: @auth/prisma-adapter@2.11.2 want: 0.41.2
314 silly placeDep node_modules/openid-client lru-cache@6.0.0 OK for: openid-client@5.7.1 want: ^6.0.0
315 silly placeDep ROOT object-hash@2.2.0 OK for: openid-client@5.7.1 want: ^2.2.0
316 silly placeDep ROOT oidc-token-hash@5.2.0 OK for: openid-client@5.7.1 want: ^5.0.3
317 silly fetch manifest yallist@^4.0.0
318 silly packumentCache full:https://registry.npmjs.org/yallist cache-miss
319 http cache https://registry.npmjs.org/yallist 4ms (cache hit)
320 silly packumentCache full:https://registry.npmjs.org/yallist set size:34610 disposed:false
321 silly placeDep ROOT pretty-format@3.8.0 OK for: preact-render-to-string@5.2.6 want: ^3.8.0
322 silly placeDep node_modules/@auth/prisma-adapter jose@6.2.2 OK for: @auth/core@0.41.2 want: ^6.0.6
323 silly placeDep node_modules/@auth/prisma-adapter oauth4webapi@3.8.5 OK for: @auth/core@0.41.2 want: ^3.3.0
324 silly placeDep node_modules/@auth/prisma-adapter preact-render-to-string@6.5.11 OK for: @auth/core@0.41.2 want: 6.5.11
325 silly placeDep node_modules/openid-client yallist@4.0.0 OK for: lru-cache@6.0.0 want: ^4.0.0
326 silly reify moves {}
327 verbose reify failed optional dependency C:\Users\Wheelbc\Documents\VirturaPresence\node_modules\@tailwindcss\oxide-wasm32-wasi
328 silly reify mark deleted [
328 silly reify   'C:\\Users\\Wheelbc\\Documents\\VirturaPresence\\node_modules\\@tailwindcss\\oxide-wasm32-wasi'
328 silly reify ]
329 silly audit bulk request {
329 silly audit   '@alloc/quick-lru': [ '5.2.0' ],
329 silly audit   '@babel/code-frame': [ '7.29.0' ],
329 silly audit   '@babel/compat-data': [ '7.29.0' ],
329 silly audit   '@babel/core': [ '7.29.0' ],
329 silly audit   '@babel/generator': [ '7.29.1' ],
329 silly audit   '@babel/helper-compilation-targets': [ '7.28.6' ],
329 silly audit   '@babel/helper-globals': [ '7.28.0' ],
329 silly audit   '@babel/helper-module-imports': [ '7.28.6' ],
329 silly audit   '@babel/helper-module-transforms': [ '7.28.6' ],
329 silly audit   '@babel/helper-string-parser': [ '7.27.1' ],
329 silly audit   '@babel/helper-validator-identifier': [ '7.28.5' ],
329 silly audit   '@babel/helper-validator-option': [ '7.27.1' ],
329 silly audit   '@babel/helpers': [ '7.29.2' ],
329 silly audit   '@babel/parser': [ '7.29.2' ],
329 silly audit   '@babel/template': [ '7.28.6' ],
329 silly audit   '@babel/traverse': [ '7.29.0' ],
329 silly audit   '@babel/types': [ '7.29.0' ],
329 silly audit   '@emnapi/core': [ '1.9.2' ],
329 silly audit   '@emnapi/runtime': [ '1.9.2' ],
329 silly audit   '@emnapi/wasi-threads': [ '1.2.1' ],
329 silly audit   '@eslint-community/eslint-utils': [ '4.9.1' ],
329 silly audit   'eslint-visitor-keys': [ '3.4.3', '5.0.1', '4.2.1' ],
329 silly audit   '@eslint-community/regexpp': [ '4.12.2' ],
329 silly audit   '@eslint/config-array': [ '0.21.2' ],
329 silly audit   '@eslint/config-helpers': [ '0.4.2' ],
329 silly audit   '@eslint/core': [ '0.17.0' ],
329 silly audit   '@eslint/eslintrc': [ '3.3.5' ],
329 silly audit   '@eslint/js': [ '9.39.4' ],
329 silly audit   '@eslint/object-schema': [ '2.1.7' ],
329 silly audit   '@eslint/plugin-kit': [ '0.4.1' ],
329 silly audit   '@humanfs/core': [ '0.19.1' ],
329 silly audit   '@humanfs/node': [ '0.16.7' ],
329 silly audit   '@humanwhocodes/module-importer': [ '1.0.1' ],
329 silly audit   '@humanwhocodes/retry': [ '0.4.3' ],
329 silly audit   '@img/colour': [ '1.1.0' ],
329 silly audit   '@img/sharp-darwin-arm64': [ '0.34.5' ],
329 silly audit   '@img/sharp-darwin-x64': [ '0.34.5' ],
329 silly audit   '@img/sharp-libvips-darwin-arm64': [ '1.2.4' ],
329 silly audit   '@img/sharp-libvips-darwin-x64': [ '1.2.4' ],
329 silly audit   '@img/sharp-libvips-linux-arm': [ '1.2.4' ],
329 silly audit   '@img/sharp-libvips-linux-arm64': [ '1.2.4' ],
329 silly audit   '@img/sharp-libvips-linux-ppc64': [ '1.2.4' ],
329 silly audit   '@img/sharp-libvips-linux-riscv64': [ '1.2.4' ],
329 silly audit   '@img/sharp-libvips-linux-s390x': [ '1.2.4' ],
329 silly audit   '@img/sharp-libvips-linux-x64': [ '1.2.4' ],
329 silly audit   '@img/sharp-libvips-linuxmusl-arm64': [ '1.2.4' ],
329 silly audit   '@img/sharp-libvips-linuxmusl-x64': [ '1.2.4' ],
329 silly audit   '@img/sharp-linux-arm': [ '0.34.5' ],
329 silly audit   '@img/sharp-linux-arm64': [ '0.34.5' ],
329 silly audit   '@img/sharp-linux-ppc64': [ '0.34.5' ],
329 silly audit   '@img/sharp-linux-riscv64': [ '0.34.5' ],
329 silly audit   '@img/sharp-linux-s390x': [ '0.34.5' ],
329 silly audit   '@img/sharp-linux-x64': [ '0.34.5' ],
329 silly audit   '@img/sharp-linuxmusl-arm64': [ '0.34.5' ],
329 silly audit   '@img/sharp-linuxmusl-x64': [ '0.34.5' ],
329 silly audit   '@img/sharp-wasm32': [ '0.34.5' ],
329 silly audit   '@img/sharp-win32-arm64': [ '0.34.5' ],
329 silly audit   '@img/sharp-win32-ia32': [ '0.34.5' ],
329 silly audit   '@img/sharp-win32-x64': [ '0.34.5' ],
329 silly audit   '@jridgewell/gen-mapping': [ '0.3.13' ],
329 silly audit   '@jridgewell/remapping': [ '2.3.5' ],
329 silly audit   '@jridgewell/resolve-uri': [ '3.1.2' ],
329 silly audit   '@jridgewell/sourcemap-codec': [ '1.5.5' ],
329 silly audit   '@jridgewell/trace-mapping': [ '0.3.31' ],
329 silly audit   '@napi-rs/wasm-runtime': [ '0.2.12' ],
329 silly audit   '@next/env': [ '16.2.3' ],
329 silly audit   '@next/eslint-plugin-next': [ '16.2.3' ],
329 silly audit   '@next/swc-darwin-arm64': [ '16.2.3' ],
329 silly audit   '@next/swc-darwin-x64': [ '16.2.3' ],
329 silly audit   '@next/swc-linux-arm64-gnu': [ '16.2.3' ],
329 silly audit   '@next/swc-linux-arm64-musl': [ '16.2.3' ],
329 silly audit   '@next/swc-linux-x64-gnu': [ '16.2.3' ],
329 silly audit   '@next/swc-linux-x64-musl': [ '16.2.3' ],
329 silly audit   '@next/swc-win32-arm64-msvc': [ '16.2.3' ],
329 silly audit   '@next/swc-win32-x64-msvc': [ '16.2.3' ],
329 silly audit   '@nodelib/fs.scandir': [ '2.1.5' ],
329 silly audit   '@nodelib/fs.stat': [ '2.0.5' ],
329 silly audit   '@nodelib/fs.walk': [ '1.2.8' ],
329 silly audit   '@nolyfill/is-core-module': [ '1.0.39' ],
329 silly audit   '@rtsao/scc': [ '1.1.0' ],
329 silly audit   '@swc/helpers': [ '0.5.15' ],
329 silly audit   '@tailwindcss/node': [ '4.2.2' ],
329 silly audit   '@tailwindcss/oxide': [ '4.2.2' ],
329 silly audit   '@tailwindcss/oxide-android-arm64': [ '4.2.2' ],
329 silly audit   '@tailwindcss/oxide-darwin-arm64': [ '4.2.2' ],
329 silly audit   '@tailwindcss/oxide-darwin-x64': [ '4.2.2' ],
329 silly audit   '@tailwindcss/oxide-freebsd-x64': [ '4.2.2' ],
329 silly audit   '@tailwindcss/oxide-linux-arm-gnueabihf': [ '4.2.2' ],
329 silly audit   '@tailwindcss/oxide-linux-arm64-gnu': [ '4.2.2' ],
329 silly audit   '@tailwindcss/oxide-linux-arm64-musl': [ '4.2.2' ],
329 silly audit   '@tailwindcss/oxide-linux-x64-gnu': [ '4.2.2' ],
329 silly audit   '@tailwindcss/oxide-linux-x64-musl': [ '4.2.2' ],
329 silly audit   '@tailwindcss/oxide-win32-arm64-msvc': [ '4.2.2' ],
329 silly audit   '@tailwindcss/oxide-win32-x64-msvc': [ '4.2.2' ],
329 silly audit   '@tailwindcss/postcss': [ '4.2.2' ],
329 silly audit   '@tybys/wasm-util': [ '0.10.1' ],
329 silly audit   '@types/estree': [ '1.0.8' ],
329 silly audit   '@types/json-schema': [ '7.0.15' ],
329 silly audit   '@types/json5': [ '0.0.29' ],
329 silly audit   '@types/node': [ '20.19.39' ],
329 silly audit   '@types/react': [ '19.2.14' ],
329 silly audit   '@types/react-dom': [ '19.2.3' ],
329 silly audit   '@typescript-eslint/eslint-plugin': [ '8.58.2' ],
329 silly audit   ignore: [ '7.0.5', '5.3.2' ],
329 silly audit   '@typescript-eslint/parser': [ '8.58.2' ],
329 silly audit   '@typescript-eslint/project-service': [ '8.58.2' ],
329 silly audit   '@typescript-eslint/scope-manager': [ '8.58.2' ],
329 silly audit   '@typescript-eslint/tsconfig-utils': [ '8.58.2' ],
329 silly audit   '@typescript-eslint/type-utils': [ '8.58.2' ],
329 silly audit   '@typescript-eslint/types': [ '8.58.2' ],
329 silly audit   '@typescript-eslint/typescript-estree': [ '8.58.2' ],
329 silly audit   'balanced-match': [ '4.0.4', '1.0.2' ],
329 silly audit   'brace-expansion': [ '5.0.5', '1.1.14' ],
329 silly audit   minimatch: [ '10.2.5', '3.1.5' ],
329 silly audit   semver: [ '7.7.4', '6.3.1' ],
329 silly audit   '@typescript-eslint/utils': [ '8.58.2' ],
329 silly audit   '@typescript-eslint/visitor-keys': [ '8.58.2' ],
329 silly audit   '@unrs/resolver-binding-android-arm-eabi': [ '1.11.1' ],
329 silly audit   '@unrs/resolver-binding-android-arm64': [ '1.11.1' ],
329 silly audit   '@unrs/resolver-binding-darwin-arm64': [ '1.11.1' ],
329 silly audit   '@unrs/resolver-binding-darwin-x64': [ '1.11.1' ],
329 silly audit   '@unrs/resolver-binding-freebsd-x64': [ '1.11.1' ],
329 silly audit   '@unrs/resolver-binding-linux-arm-gnueabihf': [ '1.11.1' ],
329 silly audit   '@unrs/resolver-binding-linux-arm-musleabihf': [ '1.11.1' ],
329 silly audit   '@unrs/resolver-binding-linux-arm64-gnu': [ '1.11.1' ],
329 silly audit   '@unrs/resolver-binding-linux-arm64-musl': [ '1.11.1' ],
329 silly audit   '@unrs/resolver-binding-linux-ppc64-gnu': [ '1.11.1' ],
329 silly audit   '@unrs/resolver-binding-linux-riscv64-gnu': [ '1.11.1' ],
329 silly audit   '@unrs/resolver-binding-linux-riscv64-musl': [ '1.11.1' ],
329 silly audit   '@unrs/resolver-binding-linux-s390x-gnu': [ '1.11.1' ],
329 silly audit   '@unrs/resolver-binding-linux-x64-gnu': [ '1.11.1' ],
329 silly audit   '@unrs/resolver-binding-linux-x64-musl': [ '1.11.1' ],
329 silly audit   '@unrs/resolver-binding-wasm32-wasi': [ '1.11.1' ],
329 silly audit   '@unrs/resolver-binding-win32-arm64-msvc': [ '1.11.1' ],
329 silly audit   '@unrs/resolver-binding-win32-ia32-msvc': [ '1.11.1' ],
329 silly audit   '@unrs/resolver-binding-win32-x64-msvc': [ '1.11.1' ],
329 silly audit   acorn: [ '8.16.0' ],
329 silly audit   'acorn-jsx': [ '5.3.2' ],
329 silly audit   ajv: [ '6.14.0' ],
329 silly audit   'ansi-styles': [ '4.3.0' ],
329 silly audit   argparse: [ '2.0.1' ],
329 silly audit   'aria-query': [ '5.3.2' ],
329 silly audit   'array-buffer-byte-length': [ '1.0.2' ],
329 silly audit   'array-includes': [ '3.1.9' ],
329 silly audit   'array.prototype.findlast': [ '1.2.5' ],
329 silly audit   'array.prototype.findlastindex': [ '1.2.6' ],
329 silly audit   'array.prototype.flat': [ '1.3.3' ],
329 silly audit   'array.prototype.flatmap': [ '1.3.3' ],
329 silly audit   'array.prototype.tosorted': [ '1.1.4' ],
329 silly audit   'arraybuffer.prototype.slice': [ '1.0.4' ],
329 silly audit   'ast-types-flow': [ '0.0.8' ],
329 silly audit   'async-function': [ '1.0.0' ],
329 silly audit   'available-typed-arrays': [ '1.0.7' ],
329 silly audit   'axe-core': [ '4.11.3' ],
329 silly audit   'axobject-query': [ '4.1.0' ],
329 silly audit   'baseline-browser-mapping': [ '2.10.19' ],
329 silly audit   braces: [ '3.0.3' ],
329 silly audit   browserslist: [ '4.28.2' ],
329 silly audit   'call-bind': [ '1.0.9' ],
329 silly audit   'call-bind-apply-helpers': [ '1.0.2' ],
329 silly audit   'call-bound': [ '1.0.4' ],
329 silly audit   callsites: [ '3.1.0' ],
329 silly audit   'caniuse-lite': [ '1.0.30001788' ],
329 silly audit   chalk: [ '4.1.2' ],
329 silly audit   'client-only': [ '0.0.1' ],
329 silly audit   'color-convert': [ '2.0.1' ],
329 silly audit   'color-name': [ '1.1.4' ],
329 silly audit   'concat-map': [ '0.0.1' ],
329 silly audit   'convert-source-map': [ '2.0.0' ],
329 silly audit   'cross-spawn': [ '7.0.6' ],
329 silly audit   csstype: [ '3.2.3' ],
329 silly audit   'damerau-levenshtein': [ '1.0.8' ],
329 silly audit   'data-view-buffer': [ '1.0.2' ],
329 silly audit   'data-view-byte-length': [ '1.0.2' ],
329 silly audit   'data-view-byte-offset': [ '1.0.1' ],
329 silly audit   debug: [ '4.4.3', '3.2.7' ],
329 silly audit   'deep-is': [ '0.1.4' ],
329 silly audit   'define-data-property': [ '1.1.4' ],
329 silly audit   'define-properties': [ '1.2.1' ],
329 silly audit   'detect-libc': [ '2.1.2' ],
329 silly audit   doctrine: [ '2.1.0' ],
329 silly audit   'dunder-proto': [ '1.0.1' ],
329 silly audit   'electron-to-chromium': [ '1.5.336' ],
329 silly audit   'emoji-regex': [ '9.2.2' ],
329 silly audit   'enhanced-resolve': [ '5.20.1' ],
329 silly audit   'es-abstract': [ '1.24.2' ],
329 silly audit   'es-define-property': [ '1.0.1' ],
329 silly audit   'es-errors': [ '1.3.0' ],
329 silly audit   'es-iterator-helpers': [ '1.3.2' ],
329 silly audit   'es-object-atoms': [ '1.1.1' ],
329 silly audit   'es-set-tostringtag': [ '2.1.0' ],
329 silly audit   'es-shim-unscopables': [ '1.1.0' ],
329 silly audit   'es-to-primitive': [ '1.3.0' ],
329 silly audit   escalade: [ '3.2.0' ],
329 silly audit   'escape-string-regexp': [ '4.0.0' ],
329 silly audit   eslint: [ '9.39.4' ],
329 silly audit   'eslint-config-next': [ '16.2.3' ],
329 silly audit   globals: [ '16.4.0', '14.0.0' ],
329 silly audit   'eslint-import-resolver-node': [ '0.3.10' ],
329 silly audit   'eslint-import-resolver-typescript': [ '3.10.1' ],
329 silly audit   'eslint-module-utils': [ '2.12.1' ],
329 silly audit   'eslint-plugin-import': [ '2.32.0' ],
329 silly audit   'eslint-plugin-jsx-a11y': [ '6.10.2' ],
329 silly audit   'eslint-plugin-react': [ '7.37.5' ],
329 silly audit   'eslint-plugin-react-hooks': [ '7.0.1' ],
329 silly audit   'eslint-scope': [ '8.4.0' ],
329 silly audit   espree: [ '10.4.0' ],
329 silly audit   esquery: [ '1.7.0' ],
329 silly audit   esrecurse: [ '4.3.0' ],
329 silly audit   estraverse: [ '5.3.0' ],
329 silly audit   esutils: [ '2.0.3' ],
329 silly audit   'fast-deep-equal': [ '3.1.3' ],
329 silly audit   'fast-glob': [ '3.3.1' ],
329 silly audit   'glob-parent': [ '5.1.2', '6.0.2' ],
329 silly audit   'fast-json-stable-stringify': [ '2.1.0' ],
329 silly audit   'fast-levenshtein': [ '2.0.6' ],
329 silly audit   fastq: [ '1.20.1' ],
329 silly audit   'file-entry-cache': [ '8.0.0' ],
329 silly audit   'fill-range': [ '7.1.1' ],
329 silly audit   'find-up': [ '5.0.0' ],
329 silly audit   'flat-cache': [ '4.0.1' ],
329 silly audit   flatted: [ '3.4.2' ],
329 silly audit   'for-each': [ '0.3.5' ],
329 silly audit   'function-bind': [ '1.1.2' ],
329 silly audit   'function.prototype.name': [ '1.1.8' ],
329 silly audit   'functions-have-names': [ '1.2.3' ],
329 silly audit   'generator-function': [ '2.0.1' ],
329 silly audit   gensync: [ '1.0.0-beta.2' ],
329 silly audit   'get-intrinsic': [ '1.3.0' ],
329 silly audit   'get-proto': [ '1.0.1' ],
329 silly audit   'get-symbol-description': [ '1.1.0' ],
329 silly audit   'get-tsconfig': [ '4.13.8' ],
329 silly audit   globalthis: [ '1.0.4' ],
329 silly audit   gopd: [ '1.2.0' ],
329 silly audit   'graceful-fs': [ '4.2.11' ],
329 silly audit   'has-bigints': [ '1.1.0' ],
329 silly audit   'has-flag': [ '4.0.0' ],
329 silly audit   'has-property-descriptors': [ '1.0.2' ],
329 silly audit   'has-proto': [ '1.2.0' ],
329 silly audit   'has-symbols': [ '1.1.0' ],
329 silly audit   'has-tostringtag': [ '1.0.2' ],
329 silly audit   hasown: [ '2.0.2' ],
329 silly audit   'hermes-estree': [ '0.25.1' ],
329 silly audit   'hermes-parser': [ '0.25.1' ],
329 silly audit   'import-fresh': [ '3.3.1' ],
329 silly audit   imurmurhash: [ '0.1.4' ],
329 silly audit   'internal-slot': [ '1.1.0' ],
329 silly audit   'is-array-buffer': [ '3.0.5' ],
329 silly audit   'is-async-function': [ '2.1.1' ],
329 silly audit   'is-bigint': [ '1.1.0' ],
329 silly audit   'is-boolean-object': [ '1.2.2' ],
329 silly audit   'is-bun-module': [ '2.0.0' ],
329 silly audit   'is-callable': [ '1.2.7' ],
329 silly audit   'is-core-module': [ '2.16.1' ],
329 silly audit   'is-data-view': [ '1.0.2' ],
329 silly audit   'is-date-object': [ '1.1.0' ],
329 silly audit   'is-extglob': [ '2.1.1' ],
329 silly audit   'is-finalizationregistry': [ '1.1.1' ],
329 silly audit   'is-generator-function': [ '1.1.2' ],
329 silly audit   'is-glob': [ '4.0.3' ],
329 silly audit   'is-map': [ '2.0.3' ],
329 silly audit   'is-negative-zero': [ '2.0.3' ],
329 silly audit   'is-number': [ '7.0.0' ],
329 silly audit   'is-number-object': [ '1.1.1' ],
329 silly audit   'is-regex': [ '1.2.1' ],
329 silly audit   'is-set': [ '2.0.3' ],
329 silly audit   'is-shared-array-buffer': [ '1.0.4' ],
329 silly audit   'is-string': [ '1.1.1' ],
329 silly audit   'is-symbol': [ '1.1.1' ],
329 silly audit   'is-typed-array': [ '1.1.15' ],
329 silly audit   'is-weakmap': [ '2.0.2' ],
329 silly audit   'is-weakref': [ '1.1.1' ],
329 silly audit   'is-weakset': [ '2.0.4' ],
329 silly audit   isarray: [ '2.0.5' ],
329 silly audit   isexe: [ '2.0.0' ],
329 silly audit   'iterator.prototype': [ '1.1.5' ],
329 silly audit   jiti: [ '2.6.1' ],
329 silly audit   'js-tokens': [ '4.0.0' ],
329 silly audit   'js-yaml': [ '4.1.1' ],
329 silly audit   jsesc: [ '3.1.0' ],
329 silly audit   'json-buffer': [ '3.0.1' ],
329 silly audit   'json-schema-traverse': [ '0.4.1' ],
329 silly audit   'json-stable-stringify-without-jsonify': [ '1.0.1' ],
329 silly audit   json5: [ '2.2.3', '1.0.2' ],
329 silly audit   'jsx-ast-utils': [ '3.3.5' ],
329 silly audit   keyv: [ '4.5.4' ],
329 silly audit   'language-subtag-registry': [ '0.3.23' ],
329 silly audit   'language-tags': [ '1.0.9' ],
329 silly audit   levn: [ '0.4.1' ],
329 silly audit   lightningcss: [ '1.32.0' ],
329 silly audit   'lightningcss-android-arm64': [ '1.32.0' ],
329 silly audit   'lightningcss-darwin-arm64': [ '1.32.0' ],
329 silly audit   'lightningcss-darwin-x64': [ '1.32.0' ],
329 silly audit   'lightningcss-freebsd-x64': [ '1.32.0' ],
329 silly audit   'lightningcss-linux-arm-gnueabihf': [ '1.32.0' ],
329 silly audit   'lightningcss-linux-arm64-gnu': [ '1.32.0' ],
329 silly audit   'lightningcss-linux-arm64-musl': [ '1.32.0' ],
329 silly audit   'lightningcss-linux-x64-gnu': [ '1.32.0' ],
329 silly audit   'lightningcss-linux-x64-musl': [ '1.32.0' ],
329 silly audit   'lightningcss-win32-arm64-msvc': [ '1.32.0' ],
329 silly audit   'lightningcss-win32-x64-msvc': [ '1.32.0' ],
329 silly audit   'locate-path': [ '6.0.0' ],
329 silly audit   'lodash.merge': [ '4.6.2' ],
329 silly audit   'loose-envify': [ '1.4.0' ],
329 silly audit   'lru-cache': [ '5.1.1', '6.0.0' ],
329 silly audit   'magic-string': [ '0.30.21' ],
329 silly audit   'math-intrinsics': [ '1.1.0' ],
329 silly audit   merge2: [ '1.4.1' ],
329 silly audit   micromatch: [ '4.0.8' ],
329 silly audit   minimist: [ '1.2.8' ],
329 silly audit   ms: [ '2.1.3' ],
329 silly audit   nanoid: [ '3.3.11' ],
329 silly audit   'napi-postinstall': [ '0.3.4' ],
329 silly audit   'natural-compare': [ '1.4.0' ],
329 silly audit   next: [ '16.2.3' ],
329 silly audit   postcss: [ '8.4.31', '8.5.9' ],
329 silly audit   'node-exports-info': [ '1.6.0' ],
329 silly audit   'node-releases': [ '2.0.37' ],
329 silly audit   'object-assign': [ '4.1.1' ],
329 silly audit   'object-inspect': [ '1.13.4' ],
329 silly audit   'object-keys': [ '1.1.1' ],
329 silly audit   'object.assign': [ '4.1.7' ],
329 silly audit   'object.entries': [ '1.1.9' ],
329 silly audit   'object.fromentries': [ '2.0.8' ],
329 silly audit   'object.groupby': [ '1.0.3' ],
329 silly audit   'object.values': [ '1.2.1' ],
329 silly audit   optionator: [ '0.9.4' ],
329 silly audit   'own-keys': [ '1.0.1' ],
329 silly audit   'p-limit': [ '3.1.0' ],
329 silly audit   'p-locate': [ '5.0.0' ],
329 silly audit   'parent-module': [ '1.0.1' ],
329 silly audit   'path-exists': [ '4.0.0' ],
329 silly audit   'path-key': [ '3.1.1' ],
329 silly audit   'path-parse': [ '1.0.7' ],
329 silly audit   picocolors: [ '1.1.1' ],
329 silly audit   picomatch: [ '2.3.2', '4.0.4' ],
329 silly audit   'possible-typed-array-names': [ '1.1.0' ],
329 silly audit   'prelude-ls': [ '1.2.1' ],
329 silly audit   'prop-types': [ '15.8.1' ],
329 silly audit   punycode: [ '2.3.1' ],
329 silly audit   'queue-microtask': [ '1.2.3' ],
329 silly audit   react: [ '19.2.4' ],
329 silly audit   'react-dom': [ '19.2.4' ],
329 silly audit   'react-is': [ '16.13.1' ],
329 silly audit   'reflect.getprototypeof': [ '1.0.10' ],
329 silly audit   'regexp.prototype.flags': [ '1.5.4' ],
329 silly audit   resolve: [ '2.0.0-next.6' ],
329 silly audit   'resolve-from': [ '4.0.0' ],
329 silly audit   'resolve-pkg-maps': [ '1.0.0' ],
329 silly audit   reusify: [ '1.1.0' ],
329 silly audit   'run-parallel': [ '1.2.0' ],
329 silly audit   'safe-array-concat': [ '1.1.3' ],
329 silly audit   'safe-push-apply': [ '1.0.0' ],
329 silly audit   'safe-regex-test': [ '1.1.0' ],
329 silly audit   scheduler: [ '0.27.0' ],
329 silly audit   'set-function-length': [ '1.2.2' ],
329 silly audit   'set-function-name': [ '2.0.2' ],
329 silly audit   'set-proto': [ '1.0.0' ],
329 silly audit   sharp: [ '0.34.5' ],
329 silly audit   'shebang-command': [ '2.0.0' ],
329 silly audit   'shebang-regex': [ '3.0.0' ],
329 silly audit   'side-channel': [ '1.1.0' ],
329 silly audit   'side-channel-list': [ '1.0.1' ],
329 silly audit   'side-channel-map': [ '1.0.1' ],
329 silly audit   'side-channel-weakmap': [ '1.0.2' ],
329 silly audit   'source-map-js': [ '1.2.1' ],
329 silly audit   'stable-hash': [ '0.0.5' ],
329 silly audit   'stop-iteration-iterator': [ '1.1.0' ],
329 silly audit   'string.prototype.includes': [ '2.0.1' ],
329 silly audit   'string.prototype.matchall': [ '4.0.12' ],
329 silly audit   'string.prototype.repeat': [ '1.0.0' ],
329 silly audit   'string.prototype.trim': [ '1.2.10' ],
329 silly audit   'string.prototype.trimend': [ '1.0.9' ],
329 silly audit   'string.prototype.trimstart': [ '1.0.8' ],
329 silly audit   'strip-bom': [ '3.0.0' ],
329 silly audit   'strip-json-comments': [ '3.1.1' ],
329 silly audit   'styled-jsx': [ '5.1.6' ],
329 silly audit   'supports-color': [ '7.2.0' ],
329 silly audit   'supports-preserve-symlinks-flag': [ '1.0.0' ],
329 silly audit   tailwindcss: [ '4.2.2' ],
329 silly audit   tapable: [ '2.3.2' ],
329 silly audit   tinyglobby: [ '0.2.16' ],
329 silly audit   fdir: [ '6.5.0' ],
329 silly audit   'to-regex-range': [ '5.0.1' ],
329 silly audit   'ts-api-utils': [ '2.5.0' ],
329 silly audit   'tsconfig-paths': [ '3.15.0' ],
329 silly audit   tslib: [ '2.8.1' ],
329 silly audit   'type-check': [ '0.4.0' ],
329 silly audit   'typed-array-buffer': [ '1.0.3' ],
329 silly audit   'typed-array-byte-length': [ '1.0.3' ],
329 silly audit   'typed-array-byte-offset': [ '1.0.4' ],
329 silly audit   'typed-array-length': [ '1.0.7' ],
329 silly audit   typescript: [ '5.9.3' ],
329 silly audit   'typescript-eslint': [ '8.58.2' ],
329 silly audit   'unbox-primitive': [ '1.1.0' ],
329 silly audit   'undici-types': [ '6.21.0' ],
329 silly audit   'unrs-resolver': [ '1.11.1' ],
329 silly audit   'update-browserslist-db': [ '1.2.3' ],
329 silly audit   'uri-js': [ '4.4.1' ],
329 silly audit   which: [ '2.0.2' ],
329 silly audit   'which-boxed-primitive': [ '1.1.1' ],
329 silly audit   'which-builtin-type': [ '1.2.1' ],
329 silly audit   'which-collection': [ '1.0.2' ],
329 silly audit   'which-typed-array': [ '1.1.20' ],
329 silly audit   'word-wrap': [ '1.2.5' ],
329 silly audit   yallist: [ '3.1.1', '4.0.0' ],
329 silly audit   'yocto-queue': [ '0.1.0' ],
329 silly audit   'zod-validation-error': [ '4.0.2' ],
329 silly audit   '@auth/prisma-adapter': [ '2.11.2' ],
329 silly audit   '@hookform/resolvers': [ '5.2.2' ],
329 silly audit   '@prisma/client': [ '7.7.0' ],
329 silly audit   '@radix-ui/react-slot': [ '1.2.4' ],
329 silly audit   bcryptjs: [ '3.0.3' ],
329 silly audit   'class-variance-authority': [ '0.7.1' ],
329 silly audit   clsx: [ '2.1.1' ],
329 silly audit   'framer-motion': [ '12.38.0' ],
329 silly audit   'lucide-react': [ '1.8.0' ],
329 silly audit   'next-auth': [ '4.24.14' ],
329 silly audit   'react-hook-form': [ '7.72.1' ],
329 silly audit   sonner: [ '2.0.7' ],
329 silly audit   'tailwind-merge': [ '3.5.0' ],
329 silly audit   zod: [ '4.3.6' ],
329 silly audit   '@panva/hkdf': [ '1.2.1' ],
329 silly audit   preact: [ '10.24.3', '10.11.3' ],
329 silly audit   '@standard-schema/utils': [ '0.3.0' ],
329 silly audit   '@prisma/client-runtime-utils': [ '7.7.0' ],
329 silly audit   '@radix-ui/react-compose-refs': [ '1.1.2' ],
329 silly audit   'motion-dom': [ '12.38.0' ],
329 silly audit   'motion-utils': [ '12.36.0' ],
329 silly audit   '@auth/core': [ '0.34.3', '0.41.2' ],
329 silly audit   '@babel/runtime': [ '7.29.2' ],
329 silly audit   cookie: [ '0.7.2', '0.6.0' ],
329 silly audit   jose: [ '4.15.9', '5.10.0', '6.2.2' ],
329 silly audit   oauth: [ '0.9.15' ],
329 silly audit   'openid-client': [ '5.7.1' ],
329 silly audit   'preact-render-to-string': [ '5.2.6', '5.2.3', '6.5.11' ],
329 silly audit   uuid: [ '8.3.2' ],
329 silly audit   '@types/cookie': [ '0.6.0' ],
329 silly audit   oauth4webapi: [ '2.17.0', '3.8.5' ],
329 silly audit   'object-hash': [ '2.2.0' ],
329 silly audit   'oidc-token-hash': [ '5.2.0' ],
329 silly audit   'pretty-format': [ '3.8.0' ],
329 silly audit   '@tailwindcss/oxide-wasm32-wasi': [ '4.2.2' ]
329 silly audit }
330 verbose reify failed optional dependency C:\Users\Wheelbc\Documents\VirturaPresence\node_modules\lightningcss-win32-arm64-msvc
331 silly reify mark deleted [
331 silly reify   'C:\\Users\\Wheelbc\\Documents\\VirturaPresence\\node_modules\\lightningcss-win32-arm64-msvc'
331 silly reify ]
332 verbose reify failed optional dependency C:\Users\Wheelbc\Documents\VirturaPresence\node_modules\lightningcss-linux-x64-musl
333 silly reify mark deleted [
333 silly reify   'C:\\Users\\Wheelbc\\Documents\\VirturaPresence\\node_modules\\lightningcss-linux-x64-musl'
333 silly reify ]
334 verbose reify failed optional dependency C:\Users\Wheelbc\Documents\VirturaPresence\node_modules\lightningcss-linux-x64-gnu
335 silly reify mark deleted [
335 silly reify   'C:\\Users\\Wheelbc\\Documents\\VirturaPresence\\node_modules\\lightningcss-linux-x64-gnu'
335 silly reify ]
336 verbose reify failed optional dependency C:\Users\Wheelbc\Documents\VirturaPresence\node_modules\lightningcss-linux-arm64-musl
337 silly reify mark deleted [
337 silly reify   'C:\\Users\\Wheelbc\\Documents\\VirturaPresence\\node_modules\\lightningcss-linux-arm64-musl'
337 silly reify ]
338 verbose reify failed optional dependency C:\Users\Wheelbc\Documents\VirturaPresence\node_modules\lightningcss-linux-arm64-gnu
339 silly reify mark deleted [
339 silly reify   'C:\\Users\\Wheelbc\\Documents\\VirturaPresence\\node_modules\\lightningcss-linux-arm64-gnu'
339 silly reify ]
340 verbose reify failed optional dependency C:\Users\Wheelbc\Documents\VirturaPresence\node_modules\lightningcss-linux-arm-gnueabihf
341 silly reify mark deleted [
341 silly reify   'C:\\Users\\Wheelbc\\Documents\\VirturaPresence\\node_modules\\lightningcss-linux-arm-gnueabihf'
341 silly reify ]
342 verbose reify failed optional dependency C:\Users\Wheelbc\Documents\VirturaPresence\node_modules\lightningcss-freebsd-x64
343 silly reify mark deleted [
343 silly reify   'C:\\Users\\Wheelbc\\Documents\\VirturaPresence\\node_modules\\lightningcss-freebsd-x64'
343 silly reify ]
344 verbose reify failed optional dependency C:\Users\Wheelbc\Documents\VirturaPresence\node_modules\lightningcss-darwin-x64
345 silly reify mark deleted [
345 silly reify   'C:\\Users\\Wheelbc\\Documents\\VirturaPresence\\node_modules\\lightningcss-darwin-x64'
345 silly reify ]
346 verbose reify failed optional dependency C:\Users\Wheelbc\Documents\VirturaPresence\node_modules\lightningcss-darwin-arm64
347 silly reify mark deleted [
347 silly reify   'C:\\Users\\Wheelbc\\Documents\\VirturaPresence\\node_modules\\lightningcss-darwin-arm64'
347 silly reify ]
348 verbose reify failed optional dependency C:\Users\Wheelbc\Documents\VirturaPresence\node_modules\lightningcss-android-arm64
349 silly reify mark deleted [
349 silly reify   'C:\\Users\\Wheelbc\\Documents\\VirturaPresence\\node_modules\\lightningcss-android-arm64'
349 silly reify ]
350 verbose reify failed optional dependency C:\Users\Wheelbc\Documents\VirturaPresence\node_modules\@unrs\resolver-binding-win32-ia32-msvc
351 silly reify mark deleted [
351 silly reify   'C:\\Users\\Wheelbc\\Documents\\VirturaPresence\\node_modules\\@unrs\\resolver-binding-win32-ia32-msvc'
351 silly reify ]
352 verbose reify failed optional dependency C:\Users\Wheelbc\Documents\VirturaPresence\node_modules\@unrs\resolver-binding-win32-arm64-msvc
353 silly reify mark deleted [
353 silly reify   'C:\\Users\\Wheelbc\\Documents\\VirturaPresence\\node_modules\\@unrs\\resolver-binding-win32-arm64-msvc'
353 silly reify ]
354 verbose reify failed optional dependency C:\Users\Wheelbc\Documents\VirturaPresence\node_modules\@unrs\resolver-binding-wasm32-wasi
355 silly reify mark deleted [
355 silly reify   'C:\\Users\\Wheelbc\\Documents\\VirturaPresence\\node_modules\\@unrs\\resolver-binding-wasm32-wasi'
355 silly reify ]
356 verbose reify failed optional dependency C:\Users\Wheelbc\Documents\VirturaPresence\node_modules\@unrs\resolver-binding-linux-x64-musl
357 silly reify mark deleted [
357 silly reify   'C:\\Users\\Wheelbc\\Documents\\VirturaPresence\\node_modules\\@unrs\\resolver-binding-linux-x64-musl'
357 silly reify ]
358 verbose reify failed optional dependency C:\Users\Wheelbc\Documents\VirturaPresence\node_modules\@unrs\resolver-binding-linux-x64-gnu
359 silly reify mark deleted [
359 silly reify   'C:\\Users\\Wheelbc\\Documents\\VirturaPresence\\node_modules\\@unrs\\resolver-binding-linux-x64-gnu'
359 silly reify ]
360 verbose reify failed optional dependency C:\Users\Wheelbc\Documents\VirturaPresence\node_modules\@unrs\resolver-binding-linux-s390x-gnu
361 silly reify mark deleted [
361 silly reify   'C:\\Users\\Wheelbc\\Documents\\VirturaPresence\\node_modules\\@unrs\\resolver-binding-linux-s390x-gnu'
361 silly reify ]
362 verbose reify failed optional dependency C:\Users\Wheelbc\Documents\VirturaPresence\node_modules\@unrs\resolver-binding-linux-riscv64-musl
363 silly reify mark deleted [
363 silly reify   'C:\\Users\\Wheelbc\\Documents\\VirturaPresence\\node_modules\\@unrs\\resolver-binding-linux-riscv64-musl'
363 silly reify ]
364 verbose reify failed optional dependency C:\Users\Wheelbc\Documents\VirturaPresence\node_modules\@unrs\resolver-binding-linux-riscv64-gnu
365 silly reify mark deleted [
365 silly reify   'C:\\Users\\Wheelbc\\Documents\\VirturaPresence\\node_modules\\@unrs\\resolver-binding-linux-riscv64-gnu'
365 silly reify ]
366 verbose reify failed optional dependency C:\Users\Wheelbc\Documents\VirturaPresence\node_modules\@unrs\resolver-binding-linux-ppc64-gnu
367 silly reify mark deleted [
367 silly reify   'C:\\Users\\Wheelbc\\Documents\\VirturaPresence\\node_modules\\@unrs\\resolver-binding-linux-ppc64-gnu'
367 silly reify ]
368 verbose reify failed optional dependency C:\Users\Wheelbc\Documents\VirturaPresence\node_modules\@unrs\resolver-binding-linux-arm64-musl
369 silly reify mark deleted [
369 silly reify   'C:\\Users\\Wheelbc\\Documents\\VirturaPresence\\node_modules\\@unrs\\resolver-binding-linux-arm64-musl'
369 silly reify ]
370 verbose reify failed optional dependency C:\Users\Wheelbc\Documents\VirturaPresence\node_modules\@unrs\resolver-binding-linux-arm64-gnu
371 silly reify mark deleted [
371 silly reify   'C:\\Users\\Wheelbc\\Documents\\VirturaPresence\\node_modules\\@unrs\\resolver-binding-linux-arm64-gnu'
371 silly reify ]
372 verbose reify failed optional dependency C:\Users\Wheelbc\Documents\VirturaPresence\node_modules\@unrs\resolver-binding-linux-arm-musleabihf
373 silly reify mark deleted [
373 silly reify   'C:\\Users\\Wheelbc\\Documents\\VirturaPresence\\node_modules\\@unrs\\resolver-binding-linux-arm-musleabihf'
373 silly reify ]
374 verbose reify failed optional dependency C:\Users\Wheelbc\Documents\VirturaPresence\node_modules\@unrs\resolver-binding-linux-arm-gnueabihf
375 silly reify mark deleted [
375 silly reify   'C:\\Users\\Wheelbc\\Documents\\VirturaPresence\\node_modules\\@unrs\\resolver-binding-linux-arm-gnueabihf'
375 silly reify ]
376 verbose reify failed optional dependency C:\Users\Wheelbc\Documents\VirturaPresence\node_modules\@unrs\resolver-binding-freebsd-x64
377 silly reify mark deleted [
377 silly reify   'C:\\Users\\Wheelbc\\Documents\\VirturaPresence\\node_modules\\@unrs\\resolver-binding-freebsd-x64'
377 silly reify ]
378 verbose reify failed optional dependency C:\Users\Wheelbc\Documents\VirturaPresence\node_modules\@unrs\resolver-binding-darwin-x64
379 silly reify mark deleted [
379 silly reify   'C:\\Users\\Wheelbc\\Documents\\VirturaPresence\\node_modules\\@unrs\\resolver-binding-darwin-x64'
379 silly reify ]
380 verbose reify failed optional dependency C:\Users\Wheelbc\Documents\VirturaPresence\node_modules\@unrs\resolver-binding-darwin-arm64
381 silly reify mark deleted [
381 silly reify   'C:\\Users\\Wheelbc\\Documents\\VirturaPresence\\node_modules\\@unrs\\resolver-binding-darwin-arm64'
381 silly reify ]
382 verbose reify failed optional dependency C:\Users\Wheelbc\Documents\VirturaPresence\node_modules\@unrs\resolver-binding-android-arm64
383 silly reify mark deleted [
383 silly reify   'C:\\Users\\Wheelbc\\Documents\\VirturaPresence\\node_modules\\@unrs\\resolver-binding-android-arm64'
383 silly reify ]
384 verbose reify failed optional dependency C:\Users\Wheelbc\Documents\VirturaPresence\node_modules\@unrs\resolver-binding-android-arm-eabi
385 silly reify mark deleted [
385 silly reify   'C:\\Users\\Wheelbc\\Documents\\VirturaPresence\\node_modules\\@unrs\\resolver-binding-android-arm-eabi'
385 silly reify ]
386 verbose reify failed optional dependency C:\Users\Wheelbc\Documents\VirturaPresence\node_modules\@tailwindcss\oxide-win32-arm64-msvc
387 silly reify mark deleted [
387 silly reify   'C:\\Users\\Wheelbc\\Documents\\VirturaPresence\\node_modules\\@tailwindcss\\oxide-win32-arm64-msvc'
387 silly reify ]
388 verbose reify failed optional dependency C:\Users\Wheelbc\Documents\VirturaPresence\node_modules\@tailwindcss\oxide-linux-x64-musl
389 silly reify mark deleted [
389 silly reify   'C:\\Users\\Wheelbc\\Documents\\VirturaPresence\\node_modules\\@tailwindcss\\oxide-linux-x64-musl'
389 silly reify ]
390 verbose reify failed optional dependency C:\Users\Wheelbc\Documents\VirturaPresence\node_modules\@tailwindcss\oxide-linux-x64-gnu
391 silly reify mark deleted [
391 silly reify   'C:\\Users\\Wheelbc\\Documents\\VirturaPresence\\node_modules\\@tailwindcss\\oxide-linux-x64-gnu'
391 silly reify ]
392 verbose reify failed optional dependency C:\Users\Wheelbc\Documents\VirturaPresence\node_modules\@tailwindcss\oxide-linux-arm64-musl
393 silly reify mark deleted [
393 silly reify   'C:\\Users\\Wheelbc\\Documents\\VirturaPresence\\node_modules\\@tailwindcss\\oxide-linux-arm64-musl'
393 silly reify ]
394 verbose reify failed optional dependency C:\Users\Wheelbc\Documents\VirturaPresence\node_modules\@tailwindcss\oxide-linux-arm64-gnu
395 silly reify mark deleted [
395 silly reify   'C:\\Users\\Wheelbc\\Documents\\VirturaPresence\\node_modules\\@tailwindcss\\oxide-linux-arm64-gnu'
395 silly reify ]
396 verbose reify failed optional dependency C:\Users\Wheelbc\Documents\VirturaPresence\node_modules\@tailwindcss\oxide-linux-arm-gnueabihf
397 silly reify mark deleted [
397 silly reify   'C:\\Users\\Wheelbc\\Documents\\VirturaPresence\\node_modules\\@tailwindcss\\oxide-linux-arm-gnueabihf'
397 silly reify ]
398 verbose reify failed optional dependency C:\Users\Wheelbc\Documents\VirturaPresence\node_modules\@tailwindcss\oxide-freebsd-x64
399 silly reify mark deleted [
399 silly reify   'C:\\Users\\Wheelbc\\Documents\\VirturaPresence\\node_modules\\@tailwindcss\\oxide-freebsd-x64'
399 silly reify ]
400 verbose reify failed optional dependency C:\Users\Wheelbc\Documents\VirturaPresence\node_modules\@tailwindcss\oxide-darwin-x64
401 silly reify mark deleted [
401 silly reify   'C:\\Users\\Wheelbc\\Documents\\VirturaPresence\\node_modules\\@tailwindcss\\oxide-darwin-x64'
401 silly reify ]
402 verbose reify failed optional dependency C:\Users\Wheelbc\Documents\VirturaPresence\node_modules\@tailwindcss\oxide-darwin-arm64
403 silly reify mark deleted [
403 silly reify   'C:\\Users\\Wheelbc\\Documents\\VirturaPresence\\node_modules\\@tailwindcss\\oxide-darwin-arm64'
403 silly reify ]
404 verbose reify failed optional dependency C:\Users\Wheelbc\Documents\VirturaPresence\node_modules\@tailwindcss\oxide-android-arm64
405 silly reify mark deleted [
405 silly reify   'C:\\Users\\Wheelbc\\Documents\\VirturaPresence\\node_modules\\@tailwindcss\\oxide-android-arm64'
405 silly reify ]
406 verbose reify failed optional dependency C:\Users\Wheelbc\Documents\VirturaPresence\node_modules\@next\swc-win32-arm64-msvc
407 silly reify mark deleted [
407 silly reify   'C:\\Users\\Wheelbc\\Documents\\VirturaPresence\\node_modules\\@next\\swc-win32-arm64-msvc'
407 silly reify ]
408 verbose reify failed optional dependency C:\Users\Wheelbc\Documents\VirturaPresence\node_modules\@next\swc-linux-x64-musl
409 silly reify mark deleted [
409 silly reify   'C:\\Users\\Wheelbc\\Documents\\VirturaPresence\\node_modules\\@next\\swc-linux-x64-musl'
409 silly reify ]
410 verbose reify failed optional dependency C:\Users\Wheelbc\Documents\VirturaPresence\node_modules\@next\swc-linux-x64-gnu
411 silly reify mark deleted [
411 silly reify   'C:\\Users\\Wheelbc\\Documents\\VirturaPresence\\node_modules\\@next\\swc-linux-x64-gnu'
411 silly reify ]
412 verbose reify failed optional dependency C:\Users\Wheelbc\Documents\VirturaPresence\node_modules\@next\swc-linux-arm64-musl
413 silly reify mark deleted [
413 silly reify   'C:\\Users\\Wheelbc\\Documents\\VirturaPresence\\node_modules\\@next\\swc-linux-arm64-musl'
413 silly reify ]
414 verbose reify failed optional dependency C:\Users\Wheelbc\Documents\VirturaPresence\node_modules\@next\swc-linux-arm64-gnu
415 silly reify mark deleted [
415 silly reify   'C:\\Users\\Wheelbc\\Documents\\VirturaPresence\\node_modules\\@next\\swc-linux-arm64-gnu'
415 silly reify ]
416 verbose reify failed optional dependency C:\Users\Wheelbc\Documents\VirturaPresence\node_modules\@next\swc-darwin-x64
417 silly reify mark deleted [
417 silly reify   'C:\\Users\\Wheelbc\\Documents\\VirturaPresence\\node_modules\\@next\\swc-darwin-x64'
417 silly reify ]
418 verbose reify failed optional dependency C:\Users\Wheelbc\Documents\VirturaPresence\node_modules\@next\swc-darwin-arm64
419 silly reify mark deleted [
419 silly reify   'C:\\Users\\Wheelbc\\Documents\\VirturaPresence\\node_modules\\@next\\swc-darwin-arm64'
419 silly reify ]
420 verbose reify failed optional dependency C:\Users\Wheelbc\Documents\VirturaPresence\node_modules\@img\sharp-win32-ia32
421 silly reify mark deleted [
421 silly reify   'C:\\Users\\Wheelbc\\Documents\\VirturaPresence\\node_modules\\@img\\sharp-win32-ia32'
421 silly reify ]
422 verbose reify failed optional dependency C:\Users\Wheelbc\Documents\VirturaPresence\node_modules\@img\sharp-win32-arm64
423 silly reify mark deleted [
423 silly reify   'C:\\Users\\Wheelbc\\Documents\\VirturaPresence\\node_modules\\@img\\sharp-win32-arm64'
423 silly reify ]
424 verbose reify failed optional dependency C:\Users\Wheelbc\Documents\VirturaPresence\node_modules\@img\sharp-wasm32
425 silly reify mark deleted [
425 silly reify   'C:\\Users\\Wheelbc\\Documents\\VirturaPresence\\node_modules\\@img\\sharp-wasm32'
425 silly reify ]
426 verbose reify failed optional dependency C:\Users\Wheelbc\Documents\VirturaPresence\node_modules\@img\sharp-linuxmusl-x64
427 silly reify mark deleted [
427 silly reify   'C:\\Users\\Wheelbc\\Documents\\VirturaPresence\\node_modules\\@img\\sharp-linuxmusl-x64'
427 silly reify ]
428 verbose reify failed optional dependency C:\Users\Wheelbc\Documents\VirturaPresence\node_modules\@img\sharp-linuxmusl-arm64
429 silly reify mark deleted [
429 silly reify   'C:\\Users\\Wheelbc\\Documents\\VirturaPresence\\node_modules\\@img\\sharp-linuxmusl-arm64'
429 silly reify ]
430 verbose reify failed optional dependency C:\Users\Wheelbc\Documents\VirturaPresence\node_modules\@img\sharp-linux-x64
431 silly reify mark deleted [
431 silly reify   'C:\\Users\\Wheelbc\\Documents\\VirturaPresence\\node_modules\\@img\\sharp-linux-x64'
431 silly reify ]
432 verbose reify failed optional dependency C:\Users\Wheelbc\Documents\VirturaPresence\node_modules\@img\sharp-linux-s390x
433 silly reify mark deleted [
433 silly reify   'C:\\Users\\Wheelbc\\Documents\\VirturaPresence\\node_modules\\@img\\sharp-linux-s390x'
433 silly reify ]
434 verbose reify failed optional dependency C:\Users\Wheelbc\Documents\VirturaPresence\node_modules\@img\sharp-linux-riscv64
435 silly reify mark deleted [
435 silly reify   'C:\\Users\\Wheelbc\\Documents\\VirturaPresence\\node_modules\\@img\\sharp-linux-riscv64'
435 silly reify ]
436 verbose reify failed optional dependency C:\Users\Wheelbc\Documents\VirturaPresence\node_modules\@img\sharp-linux-ppc64
437 silly reify mark deleted [
437 silly reify   'C:\\Users\\Wheelbc\\Documents\\VirturaPresence\\node_modules\\@img\\sharp-linux-ppc64'
437 silly reify ]
438 verbose reify failed optional dependency C:\Users\Wheelbc\Documents\VirturaPresence\node_modules\@img\sharp-linux-arm64
439 silly reify mark deleted [
439 silly reify   'C:\\Users\\Wheelbc\\Documents\\VirturaPresence\\node_modules\\@img\\sharp-linux-arm64'
439 silly reify ]
440 verbose reify failed optional dependency C:\Users\Wheelbc\Documents\VirturaPresence\node_modules\@img\sharp-linux-arm
441 silly reify mark deleted [
441 silly reify   'C:\\Users\\Wheelbc\\Documents\\VirturaPresence\\node_modules\\@img\\sharp-linux-arm'
441 silly reify ]
442 verbose reify failed optional dependency C:\Users\Wheelbc\Documents\VirturaPresence\node_modules\@img\sharp-libvips-linuxmusl-x64
443 silly reify mark deleted [
443 silly reify   'C:\\Users\\Wheelbc\\Documents\\VirturaPresence\\node_modules\\@img\\sharp-libvips-linuxmusl-x64'
443 silly reify ]
444 verbose reify failed optional dependency C:\Users\Wheelbc\Documents\VirturaPresence\node_modules\@img\sharp-libvips-linuxmusl-arm64
445 silly reify mark deleted [
445 silly reify   'C:\\Users\\Wheelbc\\Documents\\VirturaPresence\\node_modules\\@img\\sharp-libvips-linuxmusl-arm64'
445 silly reify ]
446 verbose reify failed optional dependency C:\Users\Wheelbc\Documents\VirturaPresence\node_modules\@img\sharp-libvips-linux-x64
447 silly reify mark deleted [
447 silly reify   'C:\\Users\\Wheelbc\\Documents\\VirturaPresence\\node_modules\\@img\\sharp-libvips-linux-x64'
447 silly reify ]
448 verbose reify failed optional dependency C:\Users\Wheelbc\Documents\VirturaPresence\node_modules\@img\sharp-libvips-linux-s390x
449 silly reify mark deleted [
449 silly reify   'C:\\Users\\Wheelbc\\Documents\\VirturaPresence\\node_modules\\@img\\sharp-libvips-linux-s390x'
449 silly reify ]
450 verbose reify failed optional dependency C:\Users\Wheelbc\Documents\VirturaPresence\node_modules\@img\sharp-libvips-linux-riscv64
451 silly reify mark deleted [
451 silly reify   'C:\\Users\\Wheelbc\\Documents\\VirturaPresence\\node_modules\\@img\\sharp-libvips-linux-riscv64'
451 silly reify ]
452 verbose reify failed optional dependency C:\Users\Wheelbc\Documents\VirturaPresence\node_modules\@img\sharp-libvips-linux-ppc64
453 silly reify mark deleted [
453 silly reify   'C:\\Users\\Wheelbc\\Documents\\VirturaPresence\\node_modules\\@img\\sharp-libvips-linux-ppc64'
453 silly reify ]
454 verbose reify failed optional dependency C:\Users\Wheelbc\Documents\VirturaPresence\node_modules\@img\sharp-libvips-linux-arm64
455 silly reify mark deleted [
455 silly reify   'C:\\Users\\Wheelbc\\Documents\\VirturaPresence\\node_modules\\@img\\sharp-libvips-linux-arm64'
455 silly reify ]
456 verbose reify failed optional dependency C:\Users\Wheelbc\Documents\VirturaPresence\node_modules\@img\sharp-libvips-linux-arm
457 silly reify mark deleted [
457 silly reify   'C:\\Users\\Wheelbc\\Documents\\VirturaPresence\\node_modules\\@img\\sharp-libvips-linux-arm'
457 silly reify ]
458 verbose reify failed optional dependency C:\Users\Wheelbc\Documents\VirturaPresence\node_modules\@img\sharp-libvips-darwin-x64
459 silly reify mark deleted [
459 silly reify   'C:\\Users\\Wheelbc\\Documents\\VirturaPresence\\node_modules\\@img\\sharp-libvips-darwin-x64'
459 silly reify ]
460 verbose reify failed optional dependency C:\Users\Wheelbc\Documents\VirturaPresence\node_modules\@img\sharp-libvips-darwin-arm64
461 silly reify mark deleted [
461 silly reify   'C:\\Users\\Wheelbc\\Documents\\VirturaPresence\\node_modules\\@img\\sharp-libvips-darwin-arm64'
461 silly reify ]
462 verbose reify failed optional dependency C:\Users\Wheelbc\Documents\VirturaPresence\node_modules\@img\sharp-darwin-x64
463 silly reify mark deleted [
463 silly reify   'C:\\Users\\Wheelbc\\Documents\\VirturaPresence\\node_modules\\@img\\sharp-darwin-x64'
463 silly reify ]
464 verbose reify failed optional dependency C:\Users\Wheelbc\Documents\VirturaPresence\node_modules\@img\sharp-darwin-arm64
465 silly reify mark deleted [
465 silly reify   'C:\\Users\\Wheelbc\\Documents\\VirturaPresence\\node_modules\\@img\\sharp-darwin-arm64'
465 silly reify ]
466 http cache pretty-format@https://registry.npmjs.org/pretty-format/-/pretty-format-3.8.0.tgz 0ms (cache hit)
467 http cache oidc-token-hash@https://registry.npmjs.org/oidc-token-hash/-/oidc-token-hash-5.2.0.tgz 0ms (cache hit)
468 http cache object-hash@https://registry.npmjs.org/object-hash/-/object-hash-2.2.0.tgz 0ms (cache hit)
469 http cache oauth4webapi@https://registry.npmjs.org/oauth4webapi/-/oauth4webapi-2.17.0.tgz 0ms (cache hit)
470 http cache @types/cookie@https://registry.npmjs.org/@types/cookie/-/cookie-0.6.0.tgz 0ms (cache hit)
471 http cache uuid@https://registry.npmjs.org/uuid/-/uuid-8.3.2.tgz 0ms (cache hit)
472 http cache openid-client@https://registry.npmjs.org/openid-client/-/openid-client-5.7.1.tgz 0ms (cache hit)
473 http cache preact-render-to-string@https://registry.npmjs.org/preact-render-to-string/-/preact-render-to-string-5.2.6.tgz 0ms (cache hit)
474 http cache oauth@https://registry.npmjs.org/oauth/-/oauth-0.9.15.tgz 0ms (cache hit)
475 http cache @babel/runtime@https://registry.npmjs.org/@babel/runtime/-/runtime-7.29.2.tgz 0ms (cache hit)
476 http cache @auth/core@https://registry.npmjs.org/@auth/core/-/core-0.34.3.tgz 0ms (cache hit)
477 http cache jose@https://registry.npmjs.org/jose/-/jose-4.15.9.tgz 0ms (cache hit)
478 http cache cookie@https://registry.npmjs.org/cookie/-/cookie-0.7.2.tgz 0ms (cache hit)
479 http cache @radix-ui/react-compose-refs@https://registry.npmjs.org/@radix-ui/react-compose-refs/-/react-compose-refs-1.1.2.tgz 0ms (cache hit)
480 http cache @prisma/client-runtime-utils@https://registry.npmjs.org/@prisma/client-runtime-utils/-/client-runtime-utils-7.7.0.tgz 0ms (cache hit)
481 http cache motion-utils@https://registry.npmjs.org/motion-utils/-/motion-utils-12.36.0.tgz 0ms (cache hit)
482 http cache @standard-schema/utils@https://registry.npmjs.org/@standard-schema/utils/-/utils-0.3.0.tgz 0ms (cache hit)
483 http cache motion-dom@https://registry.npmjs.org/motion-dom/-/motion-dom-12.38.0.tgz 0ms (cache hit)
484 http cache @panva/hkdf@https://registry.npmjs.org/@panva/hkdf/-/hkdf-1.2.1.tgz 0ms (cache hit)
485 http cache preact@https://registry.npmjs.org/preact/-/preact-10.24.3.tgz 0ms (cache hit)
486 http cache tailwind-merge@https://registry.npmjs.org/tailwind-merge/-/tailwind-merge-3.5.0.tgz 0ms (cache hit)
487 http cache sonner@https://registry.npmjs.org/sonner/-/sonner-2.0.7.tgz 0ms (cache hit)
488 http cache react-hook-form@https://registry.npmjs.org/react-hook-form/-/react-hook-form-7.72.1.tgz 0ms (cache hit)
489 http cache next-auth@https://registry.npmjs.org/next-auth/-/next-auth-4.24.14.tgz 0ms (cache hit)
490 http cache lucide-react@https://registry.npmjs.org/lucide-react/-/lucide-react-1.8.0.tgz 0ms (cache hit)
491 http cache clsx@https://registry.npmjs.org/clsx/-/clsx-2.1.1.tgz 0ms (cache hit)
492 http cache @prisma/client@https://registry.npmjs.org/@prisma/client/-/client-7.7.0.tgz 0ms (cache hit)
493 http cache @radix-ui/react-slot@https://registry.npmjs.org/@radix-ui/react-slot/-/react-slot-1.2.4.tgz 0ms (cache hit)
494 http cache class-variance-authority@https://registry.npmjs.org/class-variance-authority/-/class-variance-authority-0.7.1.tgz 0ms (cache hit)
495 http cache framer-motion@https://registry.npmjs.org/framer-motion/-/framer-motion-12.38.0.tgz 0ms (cache hit)
496 http cache bcryptjs@https://registry.npmjs.org/bcryptjs/-/bcryptjs-3.0.3.tgz 0ms (cache hit)
497 http cache @hookform/resolvers@https://registry.npmjs.org/@hookform/resolvers/-/resolvers-5.2.2.tgz 0ms (cache hit)
498 http cache yallist@https://registry.npmjs.org/yallist/-/yallist-4.0.0.tgz 0ms (cache hit)
499 http cache jose@https://registry.npmjs.org/jose/-/jose-5.10.0.tgz 0ms (cache hit)
500 http cache @auth/prisma-adapter@https://registry.npmjs.org/@auth/prisma-adapter/-/prisma-adapter-2.11.2.tgz 0ms (cache hit)
501 http cache lru-cache@https://registry.npmjs.org/lru-cache/-/lru-cache-6.0.0.tgz 0ms (cache hit)
502 http cache @auth/core@https://registry.npmjs.org/@auth/core/-/core-0.41.2.tgz 0ms (cache hit)
503 http cache preact-render-to-string@https://registry.npmjs.org/preact-render-to-string/-/preact-render-to-string-5.2.3.tgz 0ms (cache hit)
504 http cache preact-render-to-string@https://registry.npmjs.org/preact-render-to-string/-/preact-render-to-string-6.5.11.tgz 0ms (cache hit)
505 http cache oauth4webapi@https://registry.npmjs.org/oauth4webapi/-/oauth4webapi-3.8.5.tgz 0ms (cache hit)
506 http cache jose@https://registry.npmjs.org/jose/-/jose-6.2.2.tgz 0ms (cache hit)
507 silly tarball no local data for pretty-format@https://registry.npmjs.org/pretty-format/-/pretty-format-3.8.0.tgz. Extracting by manifest.
508 silly tarball no local data for oidc-token-hash@https://registry.npmjs.org/oidc-token-hash/-/oidc-token-hash-5.2.0.tgz. Extracting by manifest.
509 http cache cookie@https://registry.npmjs.org/cookie/-/cookie-0.6.0.tgz 0ms (cache hit)
510 silly tarball no local data for object-hash@https://registry.npmjs.org/object-hash/-/object-hash-2.2.0.tgz. Extracting by manifest.
511 silly tarball no local data for oauth4webapi@https://registry.npmjs.org/oauth4webapi/-/oauth4webapi-2.17.0.tgz. Extracting by manifest.
512 http cache preact@https://registry.npmjs.org/preact/-/preact-10.11.3.tgz 0ms (cache hit)
513 silly tarball no local data for @types/cookie@https://registry.npmjs.org/@types/cookie/-/cookie-0.6.0.tgz. Extracting by manifest.
514 silly tarball no local data for uuid@https://registry.npmjs.org/uuid/-/uuid-8.3.2.tgz. Extracting by manifest.
515 silly tarball no local data for openid-client@https://registry.npmjs.org/openid-client/-/openid-client-5.7.1.tgz. Extracting by manifest.
516 silly tarball no local data for preact-render-to-string@https://registry.npmjs.org/preact-render-to-string/-/preact-render-to-string-5.2.6.tgz. Extracting by manifest.
517 silly tarball no local data for oauth@https://registry.npmjs.org/oauth/-/oauth-0.9.15.tgz. Extracting by manifest.
518 silly tarball no local data for @babel/runtime@https://registry.npmjs.org/@babel/runtime/-/runtime-7.29.2.tgz. Extracting by manifest.
519 silly tarball no local data for @auth/core@https://registry.npmjs.org/@auth/core/-/core-0.34.3.tgz. Extracting by manifest.
520 silly tarball no local data for jose@https://registry.npmjs.org/jose/-/jose-4.15.9.tgz. Extracting by manifest.
521 silly tarball no local data for cookie@https://registry.npmjs.org/cookie/-/cookie-0.7.2.tgz. Extracting by manifest.
522 silly tarball no local data for @radix-ui/react-compose-refs@https://registry.npmjs.org/@radix-ui/react-compose-refs/-/react-compose-refs-1.1.2.tgz. Extracting by manifest.
523 silly tarball no local data for @prisma/client-runtime-utils@https://registry.npmjs.org/@prisma/client-runtime-utils/-/client-runtime-utils-7.7.0.tgz. Extracting by manifest.
524 silly tarball no local data for motion-utils@https://registry.npmjs.org/motion-utils/-/motion-utils-12.36.0.tgz. Extracting by manifest.
525 silly tarball no local data for @standard-schema/utils@https://registry.npmjs.org/@standard-schema/utils/-/utils-0.3.0.tgz. Extracting by manifest.
526 silly tarball no local data for motion-dom@https://registry.npmjs.org/motion-dom/-/motion-dom-12.38.0.tgz. Extracting by manifest.
527 silly tarball no local data for @panva/hkdf@https://registry.npmjs.org/@panva/hkdf/-/hkdf-1.2.1.tgz. Extracting by manifest.
528 silly tarball no local data for preact@https://registry.npmjs.org/preact/-/preact-10.24.3.tgz. Extracting by manifest.
529 silly tarball no local data for tailwind-merge@https://registry.npmjs.org/tailwind-merge/-/tailwind-merge-3.5.0.tgz. Extracting by manifest.
530 silly tarball no local data for sonner@https://registry.npmjs.org/sonner/-/sonner-2.0.7.tgz. Extracting by manifest.
531 silly tarball no local data for react-hook-form@https://registry.npmjs.org/react-hook-form/-/react-hook-form-7.72.1.tgz. Extracting by manifest.
532 silly tarball no local data for next-auth@https://registry.npmjs.org/next-auth/-/next-auth-4.24.14.tgz. Extracting by manifest.
533 silly tarball no local data for lucide-react@https://registry.npmjs.org/lucide-react/-/lucide-react-1.8.0.tgz. Extracting by manifest.
534 silly tarball no local data for clsx@https://registry.npmjs.org/clsx/-/clsx-2.1.1.tgz. Extracting by manifest.
535 silly tarball no local data for @prisma/client@https://registry.npmjs.org/@prisma/client/-/client-7.7.0.tgz. Extracting by manifest.
536 silly tarball no local data for @radix-ui/react-slot@https://registry.npmjs.org/@radix-ui/react-slot/-/react-slot-1.2.4.tgz. Extracting by manifest.
537 silly tarball no local data for class-variance-authority@https://registry.npmjs.org/class-variance-authority/-/class-variance-authority-0.7.1.tgz. Extracting by manifest.
538 silly tarball no local data for framer-motion@https://registry.npmjs.org/framer-motion/-/framer-motion-12.38.0.tgz. Extracting by manifest.
539 silly tarball no local data for bcryptjs@https://registry.npmjs.org/bcryptjs/-/bcryptjs-3.0.3.tgz. Extracting by manifest.
540 silly tarball no local data for @hookform/resolvers@https://registry.npmjs.org/@hookform/resolvers/-/resolvers-5.2.2.tgz. Extracting by manifest.
541 silly tarball no local data for yallist@https://registry.npmjs.org/yallist/-/yallist-4.0.0.tgz. Extracting by manifest.
542 silly tarball no local data for jose@https://registry.npmjs.org/jose/-/jose-5.10.0.tgz. Extracting by manifest.
543 silly tarball no local data for @auth/prisma-adapter@https://registry.npmjs.org/@auth/prisma-adapter/-/prisma-adapter-2.11.2.tgz. Extracting by manifest.
544 silly tarball no local data for lru-cache@https://registry.npmjs.org/lru-cache/-/lru-cache-6.0.0.tgz. Extracting by manifest.
545 silly tarball no local data for @auth/core@https://registry.npmjs.org/@auth/core/-/core-0.41.2.tgz. Extracting by manifest.
546 silly tarball no local data for preact-render-to-string@https://registry.npmjs.org/preact-render-to-string/-/preact-render-to-string-5.2.3.tgz. Extracting by manifest.
547 silly tarball no local data for preact-render-to-string@https://registry.npmjs.org/preact-render-to-string/-/preact-render-to-string-6.5.11.tgz. Extracting by manifest.
548 silly tarball no local data for oauth4webapi@https://registry.npmjs.org/oauth4webapi/-/oauth4webapi-3.8.5.tgz. Extracting by manifest.
549 silly tarball no local data for jose@https://registry.npmjs.org/jose/-/jose-6.2.2.tgz. Extracting by manifest.
550 silly tarball no local data for cookie@https://registry.npmjs.org/cookie/-/cookie-0.6.0.tgz. Extracting by manifest.
551 silly tarball no local data for preact@https://registry.npmjs.org/preact/-/preact-10.11.3.tgz. Extracting by manifest.
552 http fetch GET 200 https://registry.npmjs.org/oidc-token-hash/-/oidc-token-hash-5.2.0.tgz 76ms (cache miss)
553 http fetch GET 200 https://registry.npmjs.org/@radix-ui/react-compose-refs/-/react-compose-refs-1.1.2.tgz 80ms (cache miss)
554 http fetch GET 200 https://registry.npmjs.org/@types/cookie/-/cookie-0.6.0.tgz 84ms (cache miss)
555 http fetch GET 200 https://registry.npmjs.org/object-hash/-/object-hash-2.2.0.tgz 85ms (cache miss)
556 http fetch GET 200 https://registry.npmjs.org/cookie/-/cookie-0.7.2.tgz 83ms (cache miss)
557 http fetch GET 200 https://registry.npmjs.org/pretty-format/-/pretty-format-3.8.0.tgz 87ms (cache miss)
558 http fetch GET 200 https://registry.npmjs.org/oauth4webapi/-/oauth4webapi-2.17.0.tgz 88ms (cache miss)
559 http fetch POST 200 https://registry.npmjs.org/-/npm/v1/security/advisories/bulk 118ms
560 silly audit report {
560 silly audit report   cookie: [
560 silly audit report     {
560 silly audit report       id: 1103907,
560 silly audit report       url: 'https://github.com/advisories/GHSA-pxg6-pf52-xh8x',
560 silly audit report       title: 'cookie accepts cookie name, path, and domain with out of bounds characters',
560 silly audit report       severity: 'low',
560 silly audit report       vulnerable_versions: '<0.7.0',
560 silly audit report       cwe: [Array],
560 silly audit report       cvss: [Object]
560 silly audit report     }
560 silly audit report   ]
560 silly audit report }
561 silly packumentCache corgi:https://registry.npmjs.org/cookie cache-miss
562 http fetch GET 200 https://registry.npmjs.org/@standard-schema/utils/-/utils-0.3.0.tgz 124ms (cache miss)
563 http fetch GET 200 https://registry.npmjs.org/openid-client/-/openid-client-5.7.1.tgz 129ms (cache miss)
564 http fetch GET 200 https://registry.npmjs.org/oauth/-/oauth-0.9.15.tgz 136ms (cache miss)
565 http fetch GET 200 https://registry.npmjs.org/sonner/-/sonner-2.0.7.tgz 135ms (cache miss)
566 http fetch GET 200 https://registry.npmjs.org/@radix-ui/react-slot/-/react-slot-1.2.4.tgz 150ms (cache miss)
567 http fetch GET 200 https://registry.npmjs.org/clsx/-/clsx-2.1.1.tgz 155ms (cache miss)
568 http fetch GET 200 https://registry.npmjs.org/preact-render-to-string/-/preact-render-to-string-5.2.6.tgz 165ms (cache miss)
569 http fetch GET 200 https://registry.npmjs.org/class-variance-authority/-/class-variance-authority-0.7.1.tgz 187ms (cache miss)
570 http fetch GET 200 https://registry.npmjs.org/@prisma/client-runtime-utils/-/client-runtime-utils-7.7.0.tgz 191ms (cache miss)
571 http fetch GET 200 https://registry.npmjs.org/lru-cache/-/lru-cache-6.0.0.tgz 191ms (cache miss)
572 http fetch GET 200 https://registry.npmjs.org/@panva/hkdf/-/hkdf-1.2.1.tgz 193ms (cache miss)
573 http fetch GET 200 https://registry.npmjs.org/yallist/-/yallist-4.0.0.tgz 194ms (cache miss)
574 http fetch GET 200 https://registry.npmjs.org/bcryptjs/-/bcryptjs-3.0.3.tgz 195ms (cache miss)
575 http fetch GET 200 https://registry.npmjs.org/cookie/-/cookie-0.6.0.tgz 221ms (cache miss)
576 http fetch GET 200 https://registry.npmjs.org/uuid/-/uuid-8.3.2.tgz 227ms (cache miss)
577 http fetch GET 200 https://registry.npmjs.org/cookie 121ms (cache miss)
578 silly packumentCache corgi:https://registry.npmjs.org/cookie set size:undefined disposed:false
579 silly packumentCache corgi:https://registry.npmjs.org/@auth%2fcore cache-miss
580 http fetch GET 200 https://registry.npmjs.org/tailwind-merge/-/tailwind-merge-3.5.0.tgz 240ms (cache miss)
581 http fetch GET 200 https://registry.npmjs.org/oauth4webapi/-/oauth4webapi-3.8.5.tgz 249ms (cache miss)
582 http fetch GET 200 https://registry.npmjs.org/@auth/prisma-adapter/-/prisma-adapter-2.11.2.tgz 255ms (cache miss)
583 http fetch GET 200 https://registry.npmjs.org/motion-utils/-/motion-utils-12.36.0.tgz 264ms (cache miss)
584 http fetch GET 200 https://registry.npmjs.org/preact-render-to-string/-/preact-render-to-string-5.2.3.tgz 277ms (cache miss)
585 http fetch GET 200 https://registry.npmjs.org/preact-render-to-string/-/preact-render-to-string-6.5.11.tgz 338ms (cache miss)
586 http fetch GET 200 https://registry.npmjs.org/@auth%2fcore 139ms (cache miss)
587 silly packumentCache corgi:https://registry.npmjs.org/@auth%2fcore set size:undefined disposed:false
588 silly packumentCache corgi:https://registry.npmjs.org/next-auth cache-miss
589 http fetch GET 200 https://registry.npmjs.org/jose/-/jose-6.2.2.tgz 443ms (cache miss)
590 http fetch GET 200 https://registry.npmjs.org/preact/-/preact-10.24.3.tgz 469ms (cache miss)
591 http fetch GET 200 https://registry.npmjs.org/preact/-/preact-10.11.3.tgz 504ms (cache miss)
592 http fetch GET 200 https://registry.npmjs.org/@babel/runtime/-/runtime-7.29.2.tgz 546ms (cache miss)
593 http fetch GET 200 https://registry.npmjs.org/next-auth 156ms (cache miss)
594 silly packumentCache corgi:https://registry.npmjs.org/next-auth set size:undefined disposed:false
595 http fetch GET 200 https://registry.npmjs.org/jose/-/jose-4.15.9.tgz 933ms (cache miss)
596 http fetch GET 200 https://registry.npmjs.org/jose/-/jose-5.10.0.tgz 1055ms (cache miss)
597 http fetch GET 200 https://registry.npmjs.org/react-hook-form/-/react-hook-form-7.72.1.tgz 1269ms (cache miss)
598 http fetch GET 200 https://registry.npmjs.org/framer-motion/-/framer-motion-12.38.0.tgz 1420ms (cache miss)
599 http fetch GET 200 https://registry.npmjs.org/next-auth/-/next-auth-4.24.14.tgz 1434ms (cache miss)
600 http fetch GET 200 https://registry.npmjs.org/@hookform/resolvers/-/resolvers-5.2.2.tgz 1434ms (cache miss)
601 http fetch GET 200 https://registry.npmjs.org/motion-dom/-/motion-dom-12.38.0.tgz 1500ms (cache miss)
602 http fetch GET 200 https://registry.npmjs.org/@auth/core/-/core-0.34.3.tgz 1507ms (cache miss)
603 http fetch GET 200 https://registry.npmjs.org/@auth/core/-/core-0.41.2.tgz 1652ms (cache miss)
604 http fetch GET 200 https://registry.npmjs.org/@prisma/client/-/client-7.7.0.tgz 2163ms (cache miss)
605 http fetch GET 200 https://registry.npmjs.org/lucide-react/-/lucide-react-1.8.0.tgz 4346ms (cache miss)
606 silly ADD node_modules/pretty-format
607 silly ADD node_modules/oidc-token-hash
608 silly ADD node_modules/object-hash
609 silly ADD node_modules/oauth4webapi
610 silly ADD node_modules/@types/cookie
611 silly ADD node_modules/uuid
612 silly ADD node_modules/preact-render-to-string
613 silly ADD node_modules/openid-client
614 silly ADD node_modules/openid-client/node_modules/yallist
615 silly ADD node_modules/openid-client/node_modules/lru-cache
616 silly ADD node_modules/oauth
617 silly ADD node_modules/jose
618 silly ADD node_modules/cookie
619 silly ADD node_modules/@babel/runtime
620 silly ADD node_modules/@auth/core
621 silly ADD node_modules/@auth/core/node_modules/preact-render-to-string
622 silly ADD node_modules/@auth/core/node_modules/preact
623 silly ADD node_modules/@auth/core/node_modules/jose
624 silly ADD node_modules/@auth/core/node_modules/cookie
625 silly ADD node_modules/motion-utils
626 silly ADD node_modules/motion-dom
627 silly ADD node_modules/@radix-ui/react-compose-refs
628 silly ADD node_modules/@prisma/client-runtime-utils
629 silly ADD node_modules/@standard-schema/utils
630 silly ADD node_modules/preact
631 silly ADD node_modules/@panva/hkdf
632 silly ADD node_modules/tailwind-merge
633 silly ADD node_modules/sonner
634 silly ADD node_modules/react-hook-form
635 silly ADD node_modules/next-auth
636 silly ADD node_modules/lucide-react
637 silly ADD node_modules/framer-motion
638 silly ADD node_modules/clsx
639 silly ADD node_modules/class-variance-authority
640 silly ADD node_modules/bcryptjs
641 silly ADD node_modules/@radix-ui/react-slot
642 silly ADD node_modules/@prisma/client
643 silly ADD node_modules/@hookform/resolvers
644 silly ADD node_modules/@auth/prisma-adapter
645 silly ADD node_modules/@auth/prisma-adapter/node_modules/preact-render-to-string
646 silly ADD node_modules/@auth/prisma-adapter/node_modules/oauth4webapi
647 silly ADD node_modules/@auth/prisma-adapter/node_modules/jose
648 silly ADD node_modules/@auth/prisma-adapter/node_modules/@auth/core
649 silly ADD
650 silly ADD
651 silly ADD
652 silly ADD
653 silly ADD
654 silly ADD
655 silly ADD
656 silly ADD
657 silly ADD
658 silly ADD
659 silly ADD
660 silly ADD
661 silly ADD
662 silly ADD
663 silly ADD
664 silly ADD
665 silly ADD
666 silly ADD
667 silly ADD
668 silly ADD
669 silly ADD
670 silly ADD
671 silly ADD
672 silly ADD
673 silly ADD
674 silly ADD
675 silly ADD
676 silly ADD
677 silly ADD
678 silly ADD
679 silly ADD
680 silly ADD
681 silly ADD
682 silly ADD
683 silly ADD
684 silly ADD
685 silly ADD
686 silly ADD
687 silly ADD
688 silly ADD
689 silly ADD
690 silly ADD
691 silly ADD
692 silly ADD
693 silly ADD
694 silly ADD
695 silly ADD
696 silly ADD
697 silly ADD
698 silly ADD
699 silly ADD
700 silly ADD
701 silly ADD
702 silly ADD
703 silly ADD
704 silly ADD
705 silly ADD
706 silly ADD
707 silly ADD
708 silly ADD
709 silly ADD
710 silly ADD
711 silly ADD
712 silly ADD
713 silly ADD
714 silly ADD
715 silly ADD
716 silly ADD
717 silly ADD
718 verbose cwd C:\Users\Wheelbc\Documents\VirturaPresence
719 verbose os Windows_NT 10.0.26200
720 verbose node v22.14.0
721 verbose npm  v10.9.2
722 verbose exit 0
723 info ok
