0 verbose cli C:\Program Files\nodejs\node.exe C:\Program Files\nodejs\node_modules\npm\bin\npm-cli.js
1 info using npm@10.9.2
2 info using node@v22.14.0
3 silly config load:file:C:\Program Files\nodejs\node_modules\npm\npmrc
4 silly config load:file:C:\Users\Wheelbc\Documents\VirturaPresence\.npmrc
5 silly config load:file:C:\Users\Wheelbc\.npmrc
6 silly config load:file:C:\Users\Wheelbc\Documents\VirturaPresence\.appdata\npm\etc\npmrc
7 verbose title npm exec create-next-app@latest virtura-presence-app --ts --tailwind --eslint --app --use-npm --import-alias @/* --yes
8 verbose argv "exec" "--" "create-next-app@latest" "virtura-presence-app" "--ts" "--tailwind" "--eslint" "--app" "--use-npm" "--import-alias" "@/*" "--yes"
9 verbose logfile logs-max:10 dir:C:\Users\Wheelbc\Documents\VirturaPresence\.npm-cache\_logs\2026-04-15T00_10_44_970Z-
10 verbose logfile C:\Users\Wheelbc\Documents\VirturaPresence\.npm-cache\_logs\2026-04-15T00_10_44_970Z-debug-0.log
11 silly logfile done cleaning log files
12 silly packumentCache heap:4345298944 maxSize:1086324736 maxEntrySize:543162368
13 http fetch GET 200 https://registry.npmjs.org/create-next-app 193ms (cache revalidated)
14 silly packumentCache heap:4345298944 maxSize:1086324736 maxEntrySize:543162368
15 verbose Could not read global path C:\Users\Wheelbc\Documents\VirturaPresence\.appdata\npm, ignoring
16 silly packumentCache heap:4345298944 maxSize:1086324736 maxEntrySize:543162368
17 verbose cwd C:\Users\Wheelbc\Documents\VirturaPresence
18 verbose os Windows_NT 10.0.26200
19 verbose node v22.14.0
20 verbose npm  v10.9.2
21 verbose exit 0
22 info ok
