0 verbose cli C:\Program Files\nodejs\node.exe C:\Program Files\nodejs\node_modules\npm\bin\npm-cli.js
1 info using npm@10.9.2
2 info using node@v22.14.0
3 silly config load:file:C:\Program Files\nodejs\node_modules\npm\npmrc
4 silly config load:file:C:\Users\Wheelbc\Documents\VirturaPresence\.npmrc
5 silly config load:file:C:\Users\Wheelbc\.npmrc
6 silly config load:file:C:\Users\Wheelbc\Documents\VirturaPresence\.appdata\npm\etc\npmrc
7 verbose title npm exec create-next-app@latest . --ts --tailwind --eslint --app --use-npm --import-alias @/* --yes
8 verbose argv "exec" "--" "create-next-app@latest" "." "--ts" "--tailwind" "--eslint" "--app" "--use-npm" "--import-alias" "@/*" "--yes"
9 verbose logfile logs-max:10 dir:C:\Users\Wheelbc\Documents\VirturaPresence\.npm-cache\_logs\2026-04-15T00_10_23_777Z-
10 verbose logfile C:\Users\Wheelbc\Documents\VirturaPresence\.npm-cache\_logs\2026-04-15T00_10_23_777Z-debug-0.log
11 silly logfile done cleaning log files
12 silly packumentCache heap:4345298944 maxSize:1086324736 maxEntrySize:543162368
13 http fetch GET 200 https://registry.npmjs.org/npm 273ms
14 http fetch GET 200 https://registry.npmjs.org/create-next-app 260ms (cache miss)
15 silly packumentCache heap:4345298944 maxSize:1086324736 maxEntrySize:543162368
16 verbose Could not read global path C:\Users\Wheelbc\Documents\VirturaPresence\.appdata\npm, ignoring
17 silly packumentCache heap:4345298944 maxSize:1086324736 maxEntrySize:543162368
18 warn exec The following package was not found and will be installed: create-next-app@16.2.3
19 silly idealTree buildDeps
20 silly fetch manifest create-next-app@16.2.3
21 silly packumentCache full:https://registry.npmjs.org/create-next-app cache-miss
22 http fetch GET 200 https://registry.npmjs.org/create-next-app 191ms (cache miss)
23 silly packumentCache full:https://registry.npmjs.org/create-next-app set size:undefined disposed:false
24 silly placeDep ROOT create-next-app@16.2.3 OK for:  want: 16.2.3
25 silly reify moves {}
26 silly audit bulk request { 'create-next-app': [ '16.2.3' ] }
27 http cache create-next-app@https://registry.npmjs.org/create-next-app/-/create-next-app-16.2.3.tgz 0ms (cache hit)
28 silly tarball no local data for create-next-app@https://registry.npmjs.org/create-next-app/-/create-next-app-16.2.3.tgz. Extracting by manifest.
29 http fetch POST 200 https://registry.npmjs.org/-/npm/v1/security/advisories/bulk 100ms
30 silly audit report {}
31 http fetch GET 200 https://registry.npmjs.org/create-next-app/-/create-next-app-16.2.3.tgz 216ms (cache miss)
32 verbose cwd C:\Users\Wheelbc\Documents\VirturaPresence
33 verbose os Windows_NT 10.0.26200
34 verbose node v22.14.0
35 verbose npm  v10.9.2
36 notice
36 notice New major version of npm available! 10.9.2 -> 11.12.1
36 notice Changelog: https://github.com/npm/cli/releases/tag/v11.12.1
36 notice To update run: npm install -g npm@11.12.1
36 notice  { force: true, [Symbol(proc-log.meta)]: true }
37 verbose exit 1
38 verbose code 1
